#
# There is insufficient memory for the Java Runtime Environment to continue.
# Native memory allocation (mmap) failed to map 176160768 bytes for committing reserved memory.
# Possible reasons:
#   The system is out of physical RAM or swap space
#   In 32 bit mode, the process size limit was hit
# Possible solutions:
#   Reduce memory load on the system
#   Increase physical memory or swap space
#   Check if swap backing store is full
#   Use 64 bit Java on a 64 bit OS
#   Decrease Java heap size (-Xmx/-Xms)
#   Decrease number of Java threads
#   Decrease Java thread stack sizes (-Xss)
#   Set larger code cache with -XX:ReservedCodeCacheSize=
# This output file may be truncated or incomplete.
#
#  Out of Memory Error (os_linux.cpp:2643), pid=12533, tid=0x00007f6035bd6700
#
# JRE version:  (8.0_171-b11) (build )
# Java VM: OpenJDK 64-Bit Server VM (25.171-b11 mixed mode linux-amd64 compressed oops)
# Failed to write core dump. Core dumps have been disabled. To enable core dumping, try "ulimit -c unlimited" before starting Java again
#

---------------  T H R E A D  ---------------

Current thread (0x00007f602c008000):  JavaThread "Unknown thread" [_thread_in_vm, id=12542, stack(0x00007f6035ad6000,0x00007f6035bd7000)]

Stack: [0x00007f6035ad6000,0x00007f6035bd7000],  sp=0x00007f6035bd5610,  free space=1021k
Native frames: (J=compiled Java code, j=interpreted, Vv=VM code, C=native code)
V  [libjvm.so+0xa70c90]
V  [libjvm.so+0x4c7acc]
V  [libjvm.so+0x8beb18]
V  [libjvm.so+0x8b90be]
V  [libjvm.so+0x9343ee]
V  [libjvm.so+0x924e73]
V  [libjvm.so+0x2b0701]
V  [libjvm.so+0x8e3f92]
V  [libjvm.so+0xa34f21]
V  [libjvm.so+0xa35182]
V  [libjvm.so+0x610d0f]
V  [libjvm.so+0xa19a3a]
V  [libjvm.so+0x68b351]  JNI_CreateJavaVM+0x61
C  [libjli.so+0x2f06]
C  [libjli.so+0x74fd]
C  [libpthread.so.0+0x7494]  start_thread+0xc4


---------------  P R O C E S S  ---------------

Java Threads: ( => current thread )

Other Threads:

=>0x00007f602c008000 (exited) JavaThread "Unknown thread" [_thread_in_vm, id=12542, stack(0x00007f6035ad6000,0x00007f6035bd7000)]

VM state:not at safepoint (not fully initialized)

VM Mutex/Monitor currently owned by a thread: None

GC Heap History (0 events):
No events

Deoptimization events (0 events):
No events

Classes redefined (0 events):
No events

Internal exceptions (0 events):
No events

Events (0 events):
No events


Dynamic libraries:
6cfa00000-76c600000 ---p 00000000 00:00 0 
76c600000-771a00000 rw-p 00000000 00:00 0 
771a00000-7c0000000 ---p 00000000 00:00 0 
555a29b42000-555a29b43000 r-xp 00000000 08:01 791976                     /usr/lib/jvm/java-8-openjdk-amd64/jre/bin/java
555a29d42000-555a29d43000 r--p 00000000 08:01 791976                     /usr/lib/jvm/java-8-openjdk-amd64/jre/bin/java
555a29d43000-555a29d44000 rw-p 00001000 08:01 791976                     /usr/lib/jvm/java-8-openjdk-amd64/jre/bin/java
555a29fc6000-555a29fe7000 rw-p 00000000 00:00 0                          [heap]
7f601d000000-7f601d270000 rwxp 00000000 00:00 0 
7f601d270000-7f602c000000 ---p 00000000 00:00 0 
7f602c000000-7f602c030000 rw-p 00000000 00:00 0 
7f602c030000-7f6030000000 ---p 00000000 00:00 0 
7f603224e000-7f6032788000 ---p 00000000 00:00 0 
7f6032788000-7f60327b2000 rw-p 00000000 00:00 0 
7f60327b2000-7f6032a25000 ---p 00000000 00:00 0 
7f6032a25000-7f6032a30000 rw-p 00000000 00:00 0 
7f6032a30000-7f6032de6000 ---p 00000000 00:00 0 
7f6032de6000-7f6032dee000 r-xp 00000000 08:01 792070                     /usr/lib/jvm/java-8-openjdk-amd64/jre/lib/amd64/libzip.so
7f6032dee000-7f6032fed000 ---p 00008000 08:01 792070                     /usr/lib/jvm/java-8-openjdk-amd64/jre/lib/amd64/libzip.so
7f6032fed000-7f6032fee000 r--p 00007000 08:01 792070                     /usr/lib/jvm/java-8-openjdk-amd64/jre/lib/amd64/libzip.so
7f6032fee000-7f6032fef000 rw-p 00008000 08:01 792070                     /usr/lib/jvm/java-8-openjdk-amd64/jre/lib/amd64/libzip.so
7f6032fef000-7f603301c000 r-xp 00000000 08:01 792049                     /usr/lib/jvm/java-8-openjdk-amd64/jre/lib/amd64/libjava.so
7f603301c000-7f603321c000 ---p 0002d000 08:01 792049                     /usr/lib/jvm/java-8-openjdk-amd64/jre/lib/amd64/libjava.so
7f603321c000-7f603321d000 r--p 0002d000 08:01 792049                     /usr/lib/jvm/java-8-openjdk-amd64/jre/lib/amd64/libjava.so
7f603321d000-7f603321f000 rw-p 0002e000 08:01 792049                     /usr/lib/jvm/java-8-openjdk-amd64/jre/lib/amd64/libjava.so
7f603321f000-7f603322e000 r-xp 00000000 08:01 792069                     /usr/lib/jvm/java-8-openjdk-amd64/jre/lib/amd64/libverify.so
7f603322e000-7f603342e000 ---p 0000f000 08:01 792069                     /usr/lib/jvm/java-8-openjdk-amd64/jre/lib/amd64/libverify.so
7f603342e000-7f6033430000 r--p 0000f000 08:01 792069                     /usr/lib/jvm/java-8-openjdk-amd64/jre/lib/amd64/libverify.so
7f6033430000-7f6033431000 rw-p 00011000 08:01 792069                     /usr/lib/jvm/java-8-openjdk-amd64/jre/lib/amd64/libverify.so
7f6033431000-7f6033438000 r-xp 00000000 08:01 4720384                    /lib/x86_64-linux-gnu/librt-2.24.so
7f6033438000-7f6033637000 ---p 00007000 08:01 4720384                    /lib/x86_64-linux-gnu/librt-2.24.so
7f6033637000-7f6033638000 r--p 00006000 08:01 4720384                    /lib/x86_64-linux-gnu/librt-2.24.so
7f6033638000-7f6033639000 rw-p 00007000 08:01 4720384                    /lib/x86_64-linux-gnu/librt-2.24.so
7f6033639000-7f603364f000 r-xp 00000000 08:01 4719003                    /lib/x86_64-linux-gnu/libgcc_s.so.1
7f603364f000-7f603384e000 ---p 00016000 08:01 4719003                    /lib/x86_64-linux-gnu/libgcc_s.so.1
7f603384e000-7f603384f000 r--p 00015000 08:01 4719003                    /lib/x86_64-linux-gnu/libgcc_s.so.1
7f603384f000-7f6033850000 rw-p 00016000 08:01 4719003                    /lib/x86_64-linux-gnu/libgcc_s.so.1
7f6033850000-7f6033953000 r-xp 00000000 08:01 4720126                    /lib/x86_64-linux-gnu/libm-2.24.so
7f6033953000-7f6033b52000 ---p 00103000 08:01 4720126                    /lib/x86_64-linux-gnu/libm-2.24.so
7f6033b52000-7f6033b53000 r--p 00102000 08:01 4720126                    /lib/x86_64-linux-gnu/libm-2.24.so
7f6033b53000-7f6033b54000 rw-p 00103000 08:01 4720126                    /lib/x86_64-linux-gnu/libm-2.24.so
7f6033b54000-7f6033cc6000 r-xp 00000000 08:01 145198                     /usr/lib/x86_64-linux-gnu/libstdc++.so.6.0.22
7f6033cc6000-7f6033ec6000 ---p 00172000 08:01 145198                     /usr/lib/x86_64-linux-gnu/libstdc++.so.6.0.22
7f6033ec6000-7f6033ed0000 r--p 00172000 08:01 145198                     /usr/lib/x86_64-linux-gnu/libstdc++.so.6.0.22
7f6033ed0000-7f6033ed2000 rw-p 0017c000 08:01 145198                     /usr/lib/x86_64-linux-gnu/libstdc++.so.6.0.22
7f6033ed2000-7f6033ed6000 rw-p 00000000 00:00 0 
7f6033ed6000-7f6034b30000 r-xp 00000000 08:01 792074                     /usr/lib/jvm/java-8-openjdk-amd64/jre/lib/amd64/server/libjvm.so
7f6034b30000-7f6034d2f000 ---p 00c5a000 08:01 792074                     /usr/lib/jvm/java-8-openjdk-amd64/jre/lib/amd64/server/libjvm.so
7f6034d2f000-7f6034dc3000 r--p 00c59000 08:01 792074                     /usr/lib/jvm/java-8-openjdk-amd64/jre/lib/amd64/server/libjvm.so
7f6034dc3000-7f6034dec000 rw-p 00ced000 08:01 792074                     /usr/lib/jvm/java-8-openjdk-amd64/jre/lib/amd64/server/libjvm.so
7f6034dec000-7f6034e1c000 rw-p 00000000 00:00 0 
7f6034e1c000-7f6034fb1000 r-xp 00000000 08:01 4719999                    /lib/x86_64-linux-gnu/libc-2.24.so
7f6034fb1000-7f60351b1000 ---p 00195000 08:01 4719999                    /lib/x86_64-linux-gnu/libc-2.24.so
7f60351b1000-7f60351b5000 r--p 00195000 08:01 4719999                    /lib/x86_64-linux-gnu/libc-2.24.so
7f60351b5000-7f60351b7000 rw-p 00199000 08:01 4719999                    /lib/x86_64-linux-gnu/libc-2.24.so
7f60351b7000-7f60351bb000 rw-p 00000000 00:00 0 
7f60351bb000-7f60351be000 r-xp 00000000 08:01 4720007                    /lib/x86_64-linux-gnu/libdl-2.24.so
7f60351be000-7f60353bd000 ---p 00003000 08:01 4720007                    /lib/x86_64-linux-gnu/libdl-2.24.so
7f60353bd000-7f60353be000 r--p 00002000 08:01 4720007                    /lib/x86_64-linux-gnu/libdl-2.24.so
7f60353be000-7f60353bf000 rw-p 00003000 08:01 4720007                    /lib/x86_64-linux-gnu/libdl-2.24.so
7f60353bf000-7f60353cc000 r-xp 00000000 08:01 792071                     /usr/lib/jvm/java-8-openjdk-amd64/jre/lib/amd64/jli/libjli.so
7f60353cc000-7f60355cc000 ---p 0000d000 08:01 792071                     /usr/lib/jvm/java-8-openjdk-amd64/jre/lib/amd64/jli/libjli.so
7f60355cc000-7f60355cd000 r--p 0000d000 08:01 792071                     /usr/lib/jvm/java-8-openjdk-amd64/jre/lib/amd64/jli/libjli.so
7f60355cd000-7f60355ce000 rw-p 0000e000 08:01 792071                     /usr/lib/jvm/java-8-openjdk-amd64/jre/lib/amd64/jli/libjli.so
7f60355ce000-7f60355e7000 r-xp 00000000 08:01 4721880                    /lib/x86_64-linux-gnu/libz.so.1.2.8
7f60355e7000-7f60357e6000 ---p 00019000 08:01 4721880                    /lib/x86_64-linux-gnu/libz.so.1.2.8
7f60357e6000-7f60357e7000 r--p 00018000 08:01 4721880                    /lib/x86_64-linux-gnu/libz.so.1.2.8
7f60357e7000-7f60357e8000 rw-p 00019000 08:01 4721880                    /lib/x86_64-linux-gnu/libz.so.1.2.8
7f60357e8000-7f6035800000 r-xp 00000000 08:01 4720185                    /lib/x86_64-linux-gnu/libpthread-2.24.so
7f6035800000-7f60359ff000 ---p 00018000 08:01 4720185                    /lib/x86_64-linux-gnu/libpthread-2.24.so
7f60359ff000-7f6035a00000 r--p 00017000 08:01 4720185                    /lib/x86_64-linux-gnu/libpthread-2.24.so
7f6035a00000-7f6035a01000 rw-p 00018000 08:01 4720185                    /lib/x86_64-linux-gnu/libpthread-2.24.so
7f6035a01000-7f6035a05000 rw-p 00000000 00:00 0 
7f6035a05000-7f6035a28000 r-xp 00000000 08:01 4719036                    /lib/x86_64-linux-gnu/ld-2.24.so
7f6035ad6000-7f6035ad9000 ---p 00000000 00:00 0 
7f6035ad9000-7f6035bdb000 rw-p 00000000 00:00 0 
7f6035c1b000-7f6035c23000 rw-s 00000000 08:01 1985655                    /tmp/hsperfdata_pandraun/12533
7f6035c23000-7f6035c24000 rw-p 00000000 00:00 0 
7f6035c24000-7f6035c25000 r--p 00000000 00:00 0 
7f6035c25000-7f6035c28000 rw-p 00000000 00:00 0 
7f6035c28000-7f6035c29000 r--p 00023000 08:01 4719036                    /lib/x86_64-linux-gnu/ld-2.24.so
7f6035c29000-7f6035c2a000 rw-p 00024000 08:01 4719036                    /lib/x86_64-linux-gnu/ld-2.24.so
7f6035c2a000-7f6035c2b000 rw-p 00000000 00:00 0 
7fff21ac6000-7fff21ae8000 rw-p 00000000 00:00 0                          [stack]
7fff21ba9000-7fff21bab000 r--p 00000000 00:00 0                          [vvar]
7fff21bab000-7fff21bad000 r-xp 00000000 00:00 0                          [vdso]
ffffffffff600000-ffffffffff601000 r-xp 00000000 00:00 0                  [vsyscall]

VM Arguments:
jvm_args: -Dfile.encoding=UTF-8 
java_command: ileint.Ileint
java_class_path (initial): /users/info/etu-s2/pandraun/NetBeansProjects/ileint/build/classes
Launcher Type: SUN_STANDARD

Environment Variables:
PATH=/users/info/etu-s2/pandraun/.42/bin:/users/info/etu-s2/pandraun/local/bin:/usr/local/bin:/usr/bin:/bin:/usr/local/games:/usr/games:/users/info/pub/bin
LD_LIBRARY_PATH=/usr/lib/jvm/java-8-openjdk-amd64/jre/lib/amd64:/usr/lib/jvm/java-8-openjdk-amd64/jre/lib/i386:
SHELL=/bin/bash
DISPLAY=:52

Signal Handlers:
SIGSEGV: [libjvm.so+0xa71730], sa_mask[0]=11111111011111111101111111111110, sa_flags=SA_RESTART|SA_SIGINFO
SIGBUS: [libjvm.so+0xa71730], sa_mask[0]=11111111011111111101111111111110, sa_flags=SA_RESTART|SA_SIGINFO
SIGFPE: [libjvm.so+0x8ba250], sa_mask[0]=11111111011111111101111111111110, sa_flags=SA_RESTART|SA_SIGINFO
SIGPIPE: [libjvm.so+0x8ba250], sa_mask[0]=11111111011111111101111111111110, sa_flags=SA_RESTART|SA_SIGINFO
SIGXFSZ: [libjvm.so+0x8ba250], sa_mask[0]=11111111011111111101111111111110, sa_flags=SA_RESTART|SA_SIGINFO
SIGILL: [libjvm.so+0x8ba250], sa_mask[0]=11111111011111111101111111111110, sa_flags=SA_RESTART|SA_SIGINFO
SIGUSR1: SIG_DFL, sa_mask[0]=00000000000000000000000000000000, sa_flags=none
SIGUSR2: [libjvm.so+0x8ba100], sa_mask[0]=00100000000000000000000000000000, sa_flags=SA_RESTART|SA_SIGINFO
SIGHUP: SIG_DFL, sa_mask[0]=00000000000000000000000000000000, sa_flags=none
SIGINT: SIG_IGN, sa_mask[0]=00000000000000000000000000000000, sa_flags=none
SIGTERM: SIG_DFL, sa_mask[0]=00000000000000000000000000000000, sa_flags=none
SIGQUIT: SIG_DFL, sa_mask[0]=00000000000000000000000000000000, sa_flags=none


---------------  S Y S T E M  ---------------

OS:PRETTY_NAME="Debian GNU/Linux 9 (stretch)"
NAME="Debian GNU/Linux"
VERSION_ID="9"
VERSION="9 (stretch)"
ID=debian
HOME_URL="https://www.debian.org/"
SUPPORT_URL="https://www.debian.org/support"
BUG_REPORT_URL="https://bugs.debian.org/"

uname:Linux 4.9.0-6-amd64 #1 SMP Debian 4.9.88-1+deb9u1 (2018-05-07) x86_64
libc:glibc 2.24 NPTL 2.24 
rlimit: STACK 8192k, CORE 0k, NPROC 64111, NOFILE 1048576, AS infinity
load average:14.28 7.61 8.30

/proc/meminfo:
MemTotal:       16436292 kB
MemFree:          135116 kB
MemAvailable:      45876 kB
Buffers:            2072 kB
Cached:           410612 kB
SwapCached:        27364 kB
Active:         14287660 kB
Inactive:        1332020 kB
Active(anon):   14218268 kB
Inactive(anon):  1293720 kB
Active(file):      69392 kB
Inactive(file):    38300 kB
Unevictable:         304 kB
Mlocked:             304 kB
SwapTotal:       1048572 kB
SwapFree:              0 kB
Dirty:               296 kB
Writeback:           568 kB
AnonPages:      15182556 kB
Mapped:           352764 kB
Shmem:            304372 kB
Slab:             208896 kB
SReclaimable:      52488 kB
SUnreclaim:       156408 kB
KernelStack:       60016 kB
PageTables:       313112 kB
NFS_Unstable:          0 kB
Bounce:                0 kB
WritebackTmp:          0 kB
CommitLimit:     9266716 kB
Committed_AS:   41180124 kB
VmallocTotal:   34359738367 kB
VmallocUsed:           0 kB
VmallocChunk:          0 kB
HardwareCorrupted:     0 kB
AnonHugePages:         0 kB
ShmemHugePages:        0 kB
ShmemPmdMapped:        0 kB
HugePages_Total:       0
HugePages_Free:        0
HugePages_Rsvd:        0
HugePages_Surp:        0
Hugepagesize:       2048 kB
DirectMap4k:      784320 kB
DirectMap2M:    15992832 kB


CPU:total 8 (initial active 8) (8 cores per cpu, 1 threads per core) family 6 model 37 stepping 1, cmov, cx8, fxsr, mmx, sse, sse2, sse3, ssse3, sse4.1, sse4.2, popcnt, aes, clmul, tsc, tscinvbit

/proc/cpuinfo:
processor	: 0
vendor_id	: GenuineIntel
cpu family	: 6
model		: 37
model name	: Intel(R) Xeon(R) CPU E5-2623 v4 @ 2.60GHz
stepping	: 1
microcode	: 0xb00001f
cpu MHz		: 2599.712
cache size	: 10240 KB
physical id	: 0
siblings	: 8
core id		: 0
cpu cores	: 8
apicid		: 0
initial apicid	: 0
fpu		: yes
fpu_exception	: yes
cpuid level	: 11
wp		: yes
flags		: fpu vme de pse tsc msr pae mce cx8 apic sep mtrr pge mca cmov pat pse36 clflush dts mmx fxsr sse sse2 ss ht syscall nx rdtscp lm constant_tsc arch_perfmon pebs bts nopl xtopology tsc_reliable nonstop_tsc aperfmperf eagerfpu pni pclmulqdq ssse3 cx16 sse4_1 sse4_2 popcnt aes hypervisor lahf_lm epb kaiser dtherm ida arat pln pts
bugs		: cpu_meltdown spectre_v1 spectre_v2
bogomips	: 5199.99
clflush size	: 64
cache_alignment	: 64
address sizes	: 40 bits physical, 48 bits virtual
power management:

processor	: 1
vendor_id	: GenuineIntel
cpu family	: 6
model		: 37
model name	: Intel(R) Xeon(R) CPU E5-2623 v4 @ 2.60GHz
stepping	: 1
microcode	: 0xb00001f
cpu MHz		: 2599.712
cache size	: 10240 KB
physical id	: 0
siblings	: 8
core id		: 1
cpu cores	: 8
apicid		: 1
initial apicid	: 1
fpu		: yes
fpu_exception	: yes
cpuid level	: 11
wp		: yes
flags		: fpu vme de pse tsc msr pae mce cx8 apic sep mtrr pge mca cmov pat pse36 clflush dts mmx fxsr sse sse2 ss ht syscall nx rdtscp lm constant_tsc arch_perfmon pebs bts nopl xtopology tsc_reliable nonstop_tsc aperfmperf eagerfpu pni pclmulqdq ssse3 cx16 sse4_1 sse4_2 popcnt aes hypervisor lahf_lm epb kaiser dtherm ida arat pln pts
bugs		: cpu_meltdown spectre_v1 spectre_v2
bogomips	: 5199.99
clflush size	: 64
cache_alignment	: 64
address sizes	: 40 bits physical, 48 bits virtual
power management:

processor	: 2
vendor_id	: GenuineIntel
cpu family	: 6
model		: 37
model name	: Intel(R) Xeon(R) CPU E5-2623 v4 @ 2.60GHz
stepping	: 1
microcode	: 0xb00001f
cpu MHz		: 2599.712
cache size	: 10240 KB
physical id	: 0
siblings	: 8
core id		: 2
cpu cores	: 8
apicid		: 2
initial apicid	: 2
fpu		: yes
fpu_exception	: yes
cpuid level	: 11
wp		: yes
flags		: fpu vme de pse tsc msr pae mce cx8 apic sep mtrr pge mca cmov pat pse36 clflush dts mmx fxsr sse sse2 ss ht syscall nx rdtscp lm constant_tsc arch_perfmon pebs bts nopl xtopology tsc_reliable nonstop_tsc aperfmperf eagerfpu pni pclmulqdq ssse3 cx16 sse4_1 sse4_2 popcnt aes hypervisor lahf_lm epb kaiser dtherm ida arat pln pts
bugs		: cpu_meltdown spectre_v1 spectre_v2
bogomips	: 5199.99
clflush size	: 64
cache_alignment	: 64
address sizes	: 40 bits physical, 48 bits virtual
power management:

processor	: 3
vendor_id	: GenuineIntel
cpu family	: 6
model		: 37
model name	: Intel(R) Xeon(R) CPU E5-2623 v4 @ 2.60GHz
stepping	: 1
microcode	: 0xb00001f
cpu MHz		: 2599.712
cache size	: 10240 KB
physical id	: 0
siblings	: 8
core id		: 3
cpu cores	: 8
apicid		: 3
initial apicid	: 3
fpu		: yes
fpu_exception	: yes
cpuid level	: 11
wp		: yes
flags		: fpu vme de pse tsc msr pae mce cx8 apic sep mtrr pge mca cmov pat pse36 clflush dts mmx fxsr sse sse2 ss ht syscall nx rdtscp lm constant_tsc arch_perfmon pebs bts nopl xtopology tsc_reliable nonstop_tsc aperfmperf eagerfpu pni pclmulqdq ssse3 cx16 sse4_1 sse4_2 popcnt aes hypervisor lahf_lm epb kaiser dtherm ida arat pln pts
bugs		: cpu_meltdown spectre_v1 spectre_v2
bogomips	: 5199.99
clflush size	: 64
cache_alignment	: 64
address sizes	: 40 bits physical, 48 bits virtual
power management:

processor	: 4
vendor_id	: GenuineIntel
cpu family	: 6
model		: 37
model name	: Intel(R) Xeon(R) CPU E5-2623 v4 @ 2.60GHz
stepping	: 1
microcode	: 0xb00001f
cpu MHz		: 2599.712
cache size	: 10240 KB
physical id	: 0
siblings	: 8
core id		: 4
cpu cores	: 8
apicid		: 4
initial apicid	: 4
fpu		: yes
fpu_exception	: yes
cpuid level	: 11
wp		: yes
flags		: fpu vme de pse tsc msr pae mce cx8 apic sep mtrr pge mca cmov pat pse36 clflush dts mmx fxsr sse sse2 ss ht syscall nx rdtscp lm constant_tsc arch_perfmon pebs bts nopl xtopology tsc_reliable nonstop_tsc aperfmperf eagerfpu pni pclmulqdq ssse3 cx16 sse4_1 sse4_2 popcnt aes hypervisor lahf_lm epb kaiser dtherm ida arat pln pts
bugs		: cpu_meltdown spectre_v1 spectre_v2
bogomips	: 5199.99
clflush size	: 64
cache_alignment	: 64
address sizes	: 40 bits physical, 48 bits virtual
power management:

processor	: 5
vendor_id	: GenuineIntel
cpu family	: 6
model		: 37
model name	: Intel(R) Xeon(R) CPU E5-2623 v4 @ 2.60GHz
stepping	: 1
microcode	: 0xb00001f
cpu MHz		: 2599.712
cache size	: 10240 KB
physical id	: 0
siblings	: 8
core id		: 5
cpu cores	: 8
apicid		: 5
initial apicid	: 5
fpu		: yes
fpu_exception	: yes
cpuid level	: 11
wp		: yes
flags		: fpu vme de pse tsc msr pae mce cx8 apic sep mtrr pge mca cmov pat pse36 clflush dts mmx fxsr sse sse2 ss ht syscall nx rdtscp lm constant_tsc arch_perfmon pebs bts nopl xtopology tsc_reliable nonstop_tsc aperfmperf eagerfpu pni pclmulqdq ssse3 cx16 sse4_1 sse4_2 popcnt aes hypervisor lahf_lm epb kaiser dtherm ida arat pln pts
bugs		: cpu_meltdown spectre_v1 spectre_v2
bogomips	: 5199.99
clflush size	: 64
cache_alignment	: 64
address sizes	: 40 bits physical, 48 bits virtual
power management:

processor	: 6
vendor_id	: GenuineIntel
cpu family	: 6
model		: 37
model name	: Intel(R) Xeon(R) CPU E5-2623 v4 @ 2.60GHz
stepping	: 1
microcode	: 0xb00001f
cpu MHz		: 2599.712
cache size	: 10240 KB
physical id	: 0
siblings	: 8
core id		: 6
cpu cores	: 8
apicid		: 6
initial apicid	: 6
fpu		: yes
fpu_exception	: yes
cpuid level	: 11
wp		: yes
flags		: fpu vme de pse tsc msr pae mce cx8 apic sep mtrr pge mca cmov pat pse36 clflush dts mmx fxsr sse sse2 ss ht syscall nx rdtscp lm constant_tsc arch_perfmon pebs bts nopl xtopology tsc_reliable nonstop_tsc aperfmperf eagerfpu pni pclmulqdq ssse3 cx16 sse4_1 sse4_2 popcnt aes hypervisor lahf_lm epb kaiser dtherm ida arat pln pts
bugs		: cpu_meltdown spectre_v1 spectre_v2
bogomips	: 5199.99
clflush size	: 64
cache_alignment	: 64
address sizes	: 40 bits physical, 48 bits virtual
power management:

processor	: 7
vendor_id	: GenuineIntel
cpu family	: 6
model		: 37
model name	: Intel(R) Xeon(R) CPU E5-2623 v4 @ 2.60GHz
stepping	: 1
microcode	: 0xb00001f
cpu MHz		: 2599.712
cache size	: 10240 KB
physical id	: 0
siblings	: 8
core id		: 7
cpu cores	: 8
apicid		: 7
initial apicid	: 7
fpu		: yes
fpu_exception	: yes
cpuid level	: 11
wp		: yes
flags		: fpu vme de pse tsc msr pae mce cx8 apic sep mtrr pge mca cmov pat pse36 clflush dts mmx fxsr sse sse2 ss ht syscall nx rdtscp lm constant_tsc arch_perfmon pebs bts nopl xtopology tsc_reliable nonstop_tsc aperfmperf eagerfpu pni pclmulqdq ssse3 cx16 sse4_1 sse4_2 popcnt aes hypervisor lahf_lm epb kaiser dtherm ida arat pln pts
bugs		: cpu_meltdown spectre_v1 spectre_v2
bogomips	: 5199.99
clflush size	: 64
cache_alignment	: 64
address sizes	: 40 bits physical, 48 bits virtual
power management:



Memory: 4k page, physical 16436292k(135536k free), swap 1048572k(0k free)

vm_info: OpenJDK 64-Bit Server VM (25.171-b11) for linux-amd64 JRE (1.8.0_171-8u171-b11-1~deb9u1-b11), built on Apr 27 2018 14:37:13 by "pbuilder" with gcc 6.3.0 20170516

time: Sun Jun 24 20:24:24 2018
elapsed time: 1 seconds (0d 0h 0m 1s)

