#
# There is insufficient memory for the Java Runtime Environment to continue.
# Native memory allocation (mmap) failed to map 176160768 bytes for committing reserved memory.
# Possible reasons:
#   The system is out of physical RAM or swap space
#   In 32 bit mode, the process size limit was hit
# Possible solutions:
#   Reduce memory load on the system
#   Increase physical memory or swap space
#   Check if swap backing store is full
#   Use 64 bit Java on a 64 bit OS
#   Decrease Java heap size (-Xmx/-Xms)
#   Decrease number of Java threads
#   Decrease Java thread stack sizes (-Xss)
#   Set larger code cache with -XX:ReservedCodeCacheSize=
# This output file may be truncated or incomplete.
#
#  Out of Memory Error (os_linux.cpp:2643), pid=12685, tid=0x00007f319523b700
#
# JRE version:  (8.0_171-b11) (build )
# Java VM: OpenJDK 64-Bit Server VM (25.171-b11 mixed mode linux-amd64 compressed oops)
# Failed to write core dump. Core dumps have been disabled. To enable core dumping, try "ulimit -c unlimited" before starting Java again
#

---------------  T H R E A D  ---------------

Current thread (0x00007f318c008000):  JavaThread "Unknown thread" [_thread_in_vm, id=12711, stack(0x00007f319513b000,0x00007f319523c000)]

Stack: [0x00007f319513b000,0x00007f319523c000],  sp=0x00007f319523a610,  free space=1021k
Native frames: (J=compiled Java code, j=interpreted, Vv=VM code, C=native code)
V  [libjvm.so+0xa70c90]
V  [libjvm.so+0x4c7acc]
V  [libjvm.so+0x8beb18]
V  [libjvm.so+0x8b90be]
V  [libjvm.so+0x9343ee]
V  [libjvm.so+0x924e73]
V  [libjvm.so+0x2b0701]
V  [libjvm.so+0x8e3f92]
V  [libjvm.so+0xa34f21]
V  [libjvm.so+0xa35182]
V  [libjvm.so+0x610d0f]
V  [libjvm.so+0xa19a3a]
V  [libjvm.so+0x68b351]  JNI_CreateJavaVM+0x61
C  [libjli.so+0x2f06]
C  [libjli.so+0x74fd]
C  [libpthread.so.0+0x7494]  start_thread+0xc4


---------------  P R O C E S S  ---------------

Java Threads: ( => current thread )

Other Threads:

=>0x00007f318c008000 (exited) JavaThread "Unknown thread" [_thread_in_vm, id=12711, stack(0x00007f319513b000,0x00007f319523c000)]

VM state:not at safepoint (not fully initialized)

VM Mutex/Monitor currently owned by a thread: None

GC Heap History (0 events):
No events

Deoptimization events (0 events):
No events

Classes redefined (0 events):
No events

Internal exceptions (0 events):
No events

Events (0 events):
No events


Dynamic libraries:
6cfa00000-76c600000 ---p 00000000 00:00 0 
76c600000-771a00000 rw-p 00000000 00:00 0 
771a00000-7c0000000 ---p 00000000 00:00 0 
55b91d4d8000-55b91d4d9000 r-xp 00000000 08:01 791976                     /usr/lib/jvm/java-8-openjdk-amd64/jre/bin/java
55b91d6d8000-55b91d6d9000 r--p 00000000 08:01 791976                     /usr/lib/jvm/java-8-openjdk-amd64/jre/bin/java
55b91d6d9000-55b91d6da000 rw-p 00001000 08:01 791976                     /usr/lib/jvm/java-8-openjdk-amd64/jre/bin/java
55b91dd5f000-55b91dd80000 rw-p 00000000 00:00 0                          [heap]
7f317d000000-7f317d270000 rwxp 00000000 00:00 0 
7f317d270000-7f318c000000 ---p 00000000 00:00 0 
7f318c000000-7f318c030000 rw-p 00000000 00:00 0 
7f318c030000-7f3190000000 ---p 00000000 00:00 0 
7f31918b3000-7f3191ded000 ---p 00000000 00:00 0 
7f3191ded000-7f3191e17000 rw-p 00000000 00:00 0 
7f3191e17000-7f319208a000 ---p 00000000 00:00 0 
7f319208a000-7f3192095000 rw-p 00000000 00:00 0 
7f3192095000-7f319244b000 ---p 00000000 00:00 0 
7f319244b000-7f3192453000 r-xp 00000000 08:01 792070                     /usr/lib/jvm/java-8-openjdk-amd64/jre/lib/amd64/libzip.so
7f3192453000-7f3192652000 ---p 00008000 08:01 792070                     /usr/lib/jvm/java-8-openjdk-amd64/jre/lib/amd64/libzip.so
7f3192652000-7f3192653000 r--p 00007000 08:01 792070                     /usr/lib/jvm/java-8-openjdk-amd64/jre/lib/amd64/libzip.so
7f3192653000-7f3192654000 rw-p 00008000 08:01 792070                     /usr/lib/jvm/java-8-openjdk-amd64/jre/lib/amd64/libzip.so
7f3192654000-7f3192681000 r-xp 00000000 08:01 792049                     /usr/lib/jvm/java-8-openjdk-amd64/jre/lib/amd64/libjava.so
7f3192681000-7f3192881000 ---p 0002d000 08:01 792049                     /usr/lib/jvm/java-8-openjdk-amd64/jre/lib/amd64/libjava.so
7f3192881000-7f3192882000 r--p 0002d000 08:01 792049                     /usr/lib/jvm/java-8-openjdk-amd64/jre/lib/amd64/libjava.so
7f3192882000-7f3192884000 rw-p 0002e000 08:01 792049                     /usr/lib/jvm/java-8-openjdk-amd64/jre/lib/amd64/libjava.so
7f3192884000-7f3192893000 r-xp 00000000 08:01 792069                     /usr/lib/jvm/java-8-openjdk-amd64/jre/lib/amd64/libverify.so
7f3192893000-7f3192a93000 ---p 0000f000 08:01 792069                     /usr/lib/jvm/java-8-openjdk-amd64/jre/lib/amd64/libverify.so
7f3192a93000-7f3192a95000 r--p 0000f000 08:01 792069                     /usr/lib/jvm/java-8-openjdk-amd64/jre/lib/amd64/libverify.so
7f3192a95000-7f3192a96000 rw-p 00011000 08:01 792069                     /usr/lib/jvm/java-8-openjdk-amd64/jre/lib/amd64/libverify.so
7f3192a96000-7f3192a9d000 r-xp 00000000 08:01 4720384                    /lib/x86_64-linux-gnu/librt-2.24.so
7f3192a9d000-7f3192c9c000 ---p 00007000 08:01 4720384                    /lib/x86_64-linux-gnu/librt-2.24.so
7f3192c9c000-7f3192c9d000 r--p 00006000 08:01 4720384                    /lib/x86_64-linux-gnu/librt-2.24.so
7f3192c9d000-7f3192c9e000 rw-p 00007000 08:01 4720384                    /lib/x86_64-linux-gnu/librt-2.24.so
7f3192c9e000-7f3192cb4000 r-xp 00000000 08:01 4719003                    /lib/x86_64-linux-gnu/libgcc_s.so.1
7f3192cb4000-7f3192eb3000 ---p 00016000 08:01 4719003                    /lib/x86_64-linux-gnu/libgcc_s.so.1
7f3192eb3000-7f3192eb4000 r--p 00015000 08:01 4719003                    /lib/x86_64-linux-gnu/libgcc_s.so.1
7f3192eb4000-7f3192eb5000 rw-p 00016000 08:01 4719003                    /lib/x86_64-linux-gnu/libgcc_s.so.1
7f3192eb5000-7f3192fb8000 r-xp 00000000 08:01 4720126                    /lib/x86_64-linux-gnu/libm-2.24.so
7f3192fb8000-7f31931b7000 ---p 00103000 08:01 4720126                    /lib/x86_64-linux-gnu/libm-2.24.so
7f31931b7000-7f31931b8000 r--p 00102000 08:01 4720126                    /lib/x86_64-linux-gnu/libm-2.24.so
7f31931b8000-7f31931b9000 rw-p 00103000 08:01 4720126                    /lib/x86_64-linux-gnu/libm-2.24.so
7f31931b9000-7f319332b000 r-xp 00000000 08:01 145198                     /usr/lib/x86_64-linux-gnu/libstdc++.so.6.0.22
7f319332b000-7f319352b000 ---p 00172000 08:01 145198                     /usr/lib/x86_64-linux-gnu/libstdc++.so.6.0.22
7f319352b000-7f3193535000 r--p 00172000 08:01 145198                     /usr/lib/x86_64-linux-gnu/libstdc++.so.6.0.22
7f3193535000-7f3193537000 rw-p 0017c000 08:01 145198                     /usr/lib/x86_64-linux-gnu/libstdc++.so.6.0.22
7f3193537000-7f319353b000 rw-p 00000000 00:00 0 
7f319353b000-7f3194195000 r-xp 00000000 08:01 792074                     /usr/lib/jvm/java-8-openjdk-amd64/jre/lib/amd64/server/libjvm.so
7f3194195000-7f3194394000 ---p 00c5a000 08:01 792074                     /usr/lib/jvm/java-8-openjdk-amd64/jre/lib/amd64/server/libjvm.so
7f3194394000-7f3194428000 r--p 00c59000 08:01 792074                     /usr/lib/jvm/java-8-openjdk-amd64/jre/lib/amd64/server/libjvm.so
7f3194428000-7f3194451000 rw-p 00ced000 08:01 792074                     /usr/lib/jvm/java-8-openjdk-amd64/jre/lib/amd64/server/libjvm.so
7f3194451000-7f3194481000 rw-p 00000000 00:00 0 
7f3194481000-7f3194616000 r-xp 00000000 08:01 4719999                    /lib/x86_64-linux-gnu/libc-2.24.so
7f3194616000-7f3194816000 ---p 00195000 08:01 4719999                    /lib/x86_64-linux-gnu/libc-2.24.so
7f3194816000-7f319481a000 r--p 00195000 08:01 4719999                    /lib/x86_64-linux-gnu/libc-2.24.so
7f319481a000-7f319481c000 rw-p 00199000 08:01 4719999                    /lib/x86_64-linux-gnu/libc-2.24.so
7f319481c000-7f3194820000 rw-p 00000000 00:00 0 
7f3194820000-7f3194823000 r-xp 00000000 08:01 4720007                    /lib/x86_64-linux-gnu/libdl-2.24.so
7f3194823000-7f3194a22000 ---p 00003000 08:01 4720007                    /lib/x86_64-linux-gnu/libdl-2.24.so
7f3194a22000-7f3194a23000 r--p 00002000 08:01 4720007                    /lib/x86_64-linux-gnu/libdl-2.24.so
7f3194a23000-7f3194a24000 rw-p 00003000 08:01 4720007                    /lib/x86_64-linux-gnu/libdl-2.24.so
7f3194a24000-7f3194a31000 r-xp 00000000 08:01 792071                     /usr/lib/jvm/java-8-openjdk-amd64/jre/lib/amd64/jli/libjli.so
7f3194a31000-7f3194c31000 ---p 0000d000 08:01 792071                     /usr/lib/jvm/java-8-openjdk-amd64/jre/lib/amd64/jli/libjli.so
7f3194c31000-7f3194c32000 r--p 0000d000 08:01 792071                     /usr/lib/jvm/java-8-openjdk-amd64/jre/lib/amd64/jli/libjli.so
7f3194c32000-7f3194c33000 rw-p 0000e000 08:01 792071                     /usr/lib/jvm/java-8-openjdk-amd64/jre/lib/amd64/jli/libjli.so
7f3194c33000-7f3194c4c000 r-xp 00000000 08:01 4721880                    /lib/x86_64-linux-gnu/libz.so.1.2.8
7f3194c4c000-7f3194e4b000 ---p 00019000 08:01 4721880                    /lib/x86_64-linux-gnu/libz.so.1.2.8
7f3194e4b000-7f3194e4c000 r--p 00018000 08:01 4721880                    /lib/x86_64-linux-gnu/libz.so.1.2.8
7f3194e4c000-7f3194e4d000 rw-p 00019000 08:01 4721880                    /lib/x86_64-linux-gnu/libz.so.1.2.8
7f3194e4d000-7f3194e65000 r-xp 00000000 08:01 4720185                    /lib/x86_64-linux-gnu/libpthread-2.24.so
7f3194e65000-7f3195064000 ---p 00018000 08:01 4720185                    /lib/x86_64-linux-gnu/libpthread-2.24.so
7f3195064000-7f3195065000 r--p 00017000 08:01 4720185                    /lib/x86_64-linux-gnu/libpthread-2.24.so
7f3195065000-7f3195066000 rw-p 00018000 08:01 4720185                    /lib/x86_64-linux-gnu/libpthread-2.24.so
7f3195066000-7f319506a000 rw-p 00000000 00:00 0 
7f319506a000-7f319508d000 r-xp 00000000 08:01 4719036                    /lib/x86_64-linux-gnu/ld-2.24.so
7f319513b000-7f319513e000 ---p 00000000 00:00 0 
7f319513e000-7f3195240000 rw-p 00000000 00:00 0 
7f3195280000-7f3195288000 rw-s 00000000 08:01 1985655                    /tmp/hsperfdata_pandraun/12685
7f3195288000-7f3195289000 rw-p 00000000 00:00 0 
7f3195289000-7f319528a000 r--p 00000000 00:00 0 
7f319528a000-7f319528d000 rw-p 00000000 00:00 0 
7f319528d000-7f319528e000 r--p 00023000 08:01 4719036                    /lib/x86_64-linux-gnu/ld-2.24.so
7f319528e000-7f319528f000 rw-p 00024000 08:01 4719036                    /lib/x86_64-linux-gnu/ld-2.24.so
7f319528f000-7f3195290000 rw-p 00000000 00:00 0 
7fff8321c000-7fff8323e000 rw-p 00000000 00:00 0                          [stack]
7fff833d0000-7fff833d2000 r--p 00000000 00:00 0                          [vvar]
7fff833d2000-7fff833d4000 r-xp 00000000 00:00 0                          [vdso]
ffffffffff600000-ffffffffff601000 r-xp 00000000 00:00 0                  [vsyscall]

VM Arguments:
jvm_args: -Dfile.encoding=UTF-8 
java_command: ileint.Ileint
java_class_path (initial): /users/info/etu-s2/pandraun/NetBeansProjects/ileint/build/classes
Launcher Type: SUN_STANDARD

Environment Variables:
PATH=/users/info/etu-s2/pandraun/.42/bin:/users/info/etu-s2/pandraun/local/bin:/usr/local/bin:/usr/bin:/bin:/usr/local/games:/usr/games:/users/info/pub/bin
LD_LIBRARY_PATH=/usr/lib/jvm/java-8-openjdk-amd64/jre/lib/amd64:/usr/lib/jvm/java-8-openjdk-amd64/jre/lib/i386:
SHELL=/bin/bash
DISPLAY=:52

Signal Handlers:
SIGSEGV: [libjvm.so+0xa71730], sa_mask[0]=11111111011111111101111111111110, sa_flags=SA_RESTART|SA_SIGINFO
SIGBUS: [libjvm.so+0xa71730], sa_mask[0]=11111111011111111101111111111110, sa_flags=SA_RESTART|SA_SIGINFO
SIGFPE: [libjvm.so+0x8ba250], sa_mask[0]=11111111011111111101111111111110, sa_flags=SA_RESTART|SA_SIGINFO
SIGPIPE: [libjvm.so+0x8ba250], sa_mask[0]=11111111011111111101111111111110, sa_flags=SA_RESTART|SA_SIGINFO
SIGXFSZ: [libjvm.so+0x8ba250], sa_mask[0]=11111111011111111101111111111110, sa_flags=SA_RESTART|SA_SIGINFO
SIGILL: [libjvm.so+0x8ba250], sa_mask[0]=11111111011111111101111111111110, sa_flags=SA_RESTART|SA_SIGINFO
SIGUSR1: SIG_DFL, sa_mask[0]=00000000000000000000000000000000, sa_flags=none
SIGUSR2: [libjvm.so+0x8ba100], sa_mask[0]=00100000000000000000000000000000, sa_flags=SA_RESTART|SA_SIGINFO
SIGHUP: SIG_DFL, sa_mask[0]=00000000000000000000000000000000, sa_flags=none
SIGINT: SIG_IGN, sa_mask[0]=00000000000000000000000000000000, sa_flags=none
SIGTERM: SIG_DFL, sa_mask[0]=00000000000000000000000000000000, sa_flags=none
SIGQUIT: SIG_DFL, sa_mask[0]=00000000000000000000000000000000, sa_flags=none


---------------  S Y S T E M  ---------------

OS:PRETTY_NAME="Debian GNU/Linux 9 (stretch)"
NAME="Debian GNU/Linux"
VERSION_ID="9"
VERSION="9 (stretch)"
ID=debian
HOME_URL="https://www.debian.org/"
SUPPORT_URL="https://www.debian.org/support"
BUG_REPORT_URL="https://bugs.debian.org/"

uname:Linux 4.9.0-6-amd64 #1 SMP Debian 4.9.88-1+deb9u1 (2018-05-07) x86_64
libc:glibc 2.24 NPTL 2.24 
rlimit: STACK 8192k, CORE 0k, NPROC 64111, NOFILE 1048576, AS infinity
load average:31.53 13.62 10.31

/proc/meminfo:
MemTotal:       16436292 kB
MemFree:          156612 kB
MemAvailable:      42860 kB
Buffers:            2572 kB
Cached:           357964 kB
SwapCached:        24748 kB
Active:         14271692 kB
Inactive:        1327664 kB
Active(anon):   14240204 kB
Inactive(anon):  1296672 kB
Active(file):      31488 kB
Inactive(file):    30992 kB
Unevictable:         304 kB
Mlocked:             304 kB
SwapTotal:       1048572 kB
SwapFree:              0 kB
Dirty:               280 kB
Writeback:           536 kB
AnonPages:      15217452 kB
Mapped:           307232 kB
Shmem:            297180 kB
Slab:             204604 kB
SReclaimable:      48680 kB
SUnreclaim:       155924 kB
KernelStack:       60128 kB
PageTables:       313956 kB
NFS_Unstable:          0 kB
Bounce:                0 kB
WritebackTmp:          0 kB
CommitLimit:     9266716 kB
Committed_AS:   41208004 kB
VmallocTotal:   34359738367 kB
VmallocUsed:           0 kB
VmallocChunk:          0 kB
HardwareCorrupted:     0 kB
AnonHugePages:         0 kB
ShmemHugePages:        0 kB
ShmemPmdMapped:        0 kB
HugePages_Total:       0
HugePages_Free:        0
HugePages_Rsvd:        0
HugePages_Surp:        0
Hugepagesize:       2048 kB
DirectMap4k:      784320 kB
DirectMap2M:    15992832 kB


CPU:total 8 (initial active 8) (8 cores per cpu, 1 threads per core) family 6 model 37 stepping 1, cmov, cx8, fxsr, mmx, sse, sse2, sse3, ssse3, sse4.1, sse4.2, popcnt, aes, clmul, tsc, tscinvbit

/proc/cpuinfo:
processor	: 0
vendor_id	: GenuineIntel
cpu family	: 6
model		: 37
model name	: Intel(R) Xeon(R) CPU E5-2623 v4 @ 2.60GHz
stepping	: 1
microcode	: 0xb00001f
cpu MHz		: 2599.712
cache size	: 10240 KB
physical id	: 0
siblings	: 8
core id		: 0
cpu cores	: 8
apicid		: 0
initial apicid	: 0
fpu		: yes
fpu_exception	: yes
cpuid level	: 11
wp		: yes
flags		: fpu vme de pse tsc msr pae mce cx8 apic sep mtrr pge mca cmov pat pse36 clflush dts mmx fxsr sse sse2 ss ht syscall nx rdtscp lm constant_tsc arch_perfmon pebs bts nopl xtopology tsc_reliable nonstop_tsc aperfmperf eagerfpu pni pclmulqdq ssse3 cx16 sse4_1 sse4_2 popcnt aes hypervisor lahf_lm epb kaiser dtherm ida arat pln pts
bugs		: cpu_meltdown spectre_v1 spectre_v2
bogomips	: 5199.99
clflush size	: 64
cache_alignment	: 64
address sizes	: 40 bits physical, 48 bits virtual
power management:

processor	: 1
vendor_id	: GenuineIntel
cpu family	: 6
model		: 37
model name	: Intel(R) Xeon(R) CPU E5-2623 v4 @ 2.60GHz
stepping	: 1
microcode	: 0xb00001f
cpu MHz		: 2599.712
cache size	: 10240 KB
physical id	: 0
siblings	: 8
core id		: 1
cpu cores	: 8
apicid		: 1
initial apicid	: 1
fpu		: yes
fpu_exception	: yes
cpuid level	: 11
wp		: yes
flags		: fpu vme de pse tsc msr pae mce cx8 apic sep mtrr pge mca cmov pat pse36 clflush dts mmx fxsr sse sse2 ss ht syscall nx rdtscp lm constant_tsc arch_perfmon pebs bts nopl xtopology tsc_reliable nonstop_tsc aperfmperf eagerfpu pni pclmulqdq ssse3 cx16 sse4_1 sse4_2 popcnt aes hypervisor lahf_lm epb kaiser dtherm ida arat pln pts
bugs		: cpu_meltdown spectre_v1 spectre_v2
bogomips	: 5199.99
clflush size	: 64
cache_alignment	: 64
address sizes	: 40 bits physical, 48 bits virtual
power management:

processor	: 2
vendor_id	: GenuineIntel
cpu family	: 6
model		: 37
model name	: Intel(R) Xeon(R) CPU E5-2623 v4 @ 2.60GHz
stepping	: 1
microcode	: 0xb00001f
cpu MHz		: 2599.712
cache size	: 10240 KB
physical id	: 0
siblings	: 8
core id		: 2
cpu cores	: 8
apicid		: 2
initial apicid	: 2
fpu		: yes
fpu_exception	: yes
cpuid level	: 11
wp		: yes
flags		: fpu vme de pse tsc msr pae mce cx8 apic sep mtrr pge mca cmov pat pse36 clflush dts mmx fxsr sse sse2 ss ht syscall nx rdtscp lm constant_tsc arch_perfmon pebs bts nopl xtopology tsc_reliable nonstop_tsc aperfmperf eagerfpu pni pclmulqdq ssse3 cx16 sse4_1 sse4_2 popcnt aes hypervisor lahf_lm epb kaiser dtherm ida arat pln pts
bugs		: cpu_meltdown spectre_v1 spectre_v2
bogomips	: 5199.99
clflush size	: 64
cache_alignment	: 64
address sizes	: 40 bits physical, 48 bits virtual
power management:

processor	: 3
vendor_id	: GenuineIntel
cpu family	: 6
model		: 37
model name	: Intel(R) Xeon(R) CPU E5-2623 v4 @ 2.60GHz
stepping	: 1
microcode	: 0xb00001f
cpu MHz		: 2599.712
cache size	: 10240 KB
physical id	: 0
siblings	: 8
core id		: 3
cpu cores	: 8
apicid		: 3
initial apicid	: 3
fpu		: yes
fpu_exception	: yes
cpuid level	: 11
wp		: yes
flags		: fpu vme de pse tsc msr pae mce cx8 apic sep mtrr pge mca cmov pat pse36 clflush dts mmx fxsr sse sse2 ss ht syscall nx rdtscp lm constant_tsc arch_perfmon pebs bts nopl xtopology tsc_reliable nonstop_tsc aperfmperf eagerfpu pni pclmulqdq ssse3 cx16 sse4_1 sse4_2 popcnt aes hypervisor lahf_lm epb kaiser dtherm ida arat pln pts
bugs		: cpu_meltdown spectre_v1 spectre_v2
bogomips	: 5199.99
clflush size	: 64
cache_alignment	: 64
address sizes	: 40 bits physical, 48 bits virtual
power management:

processor	: 4
vendor_id	: GenuineIntel
cpu family	: 6
model		: 37
model name	: Intel(R) Xeon(R) CPU E5-2623 v4 @ 2.60GHz
stepping	: 1
microcode	: 0xb00001f
cpu MHz		: 2599.712
cache size	: 10240 KB
physical id	: 0
siblings	: 8
core id		: 4
cpu cores	: 8
apicid		: 4
initial apicid	: 4
fpu		: yes
fpu_exception	: yes
cpuid level	: 11
wp		: yes
flags		: fpu vme de pse tsc msr pae mce cx8 apic sep mtrr pge mca cmov pat pse36 clflush dts mmx fxsr sse sse2 ss ht syscall nx rdtscp lm constant_tsc arch_perfmon pebs bts nopl xtopology tsc_reliable nonstop_tsc aperfmperf eagerfpu pni pclmulqdq ssse3 cx16 sse4_1 sse4_2 popcnt aes hypervisor lahf_lm epb kaiser dtherm ida arat pln pts
bugs		: cpu_meltdown spectre_v1 spectre_v2
bogomips	: 5199.99
clflush size	: 64
cache_alignment	: 64
address sizes	: 40 bits physical, 48 bits virtual
power management:

processor	: 5
vendor_id	: GenuineIntel
cpu family	: 6
model		: 37
model name	: Intel(R) Xeon(R) CPU E5-2623 v4 @ 2.60GHz
stepping	: 1
microcode	: 0xb00001f
cpu MHz		: 2599.712
cache size	: 10240 KB
physical id	: 0
siblings	: 8
core id		: 5
cpu cores	: 8
apicid		: 5
initial apicid	: 5
fpu		: yes
fpu_exception	: yes
cpuid level	: 11
wp		: yes
flags		: fpu vme de pse tsc msr pae mce cx8 apic sep mtrr pge mca cmov pat pse36 clflush dts mmx fxsr sse sse2 ss ht syscall nx rdtscp lm constant_tsc arch_perfmon pebs bts nopl xtopology tsc_reliable nonstop_tsc aperfmperf eagerfpu pni pclmulqdq ssse3 cx16 sse4_1 sse4_2 popcnt aes hypervisor lahf_lm epb kaiser dtherm ida arat pln pts
bugs		: cpu_meltdown spectre_v1 spectre_v2
bogomips	: 5199.99
clflush size	: 64
cache_alignment	: 64
address sizes	: 40 bits physical, 48 bits virtual
power management:

processor	: 6
vendor_id	: GenuineIntel
cpu family	: 6
model		: 37
model name	: Intel(R) Xeon(R) CPU E5-2623 v4 @ 2.60GHz
stepping	: 1
microcode	: 0xb00001f
cpu MHz		: 2599.712
cache size	: 10240 KB
physical id	: 0
siblings	: 8
core id		: 6
cpu cores	: 8
apicid		: 6
initial apicid	: 6
fpu		: yes
fpu_exception	: yes
cpuid level	: 11
wp		: yes
flags		: fpu vme de pse tsc msr pae mce cx8 apic sep mtrr pge mca cmov pat pse36 clflush dts mmx fxsr sse sse2 ss ht syscall nx rdtscp lm constant_tsc arch_perfmon pebs bts nopl xtopology tsc_reliable nonstop_tsc aperfmperf eagerfpu pni pclmulqdq ssse3 cx16 sse4_1 sse4_2 popcnt aes hypervisor lahf_lm epb kaiser dtherm ida arat pln pts
bugs		: cpu_meltdown spectre_v1 spectre_v2
bogomips	: 5199.99
clflush size	: 64
cache_alignment	: 64
address sizes	: 40 bits physical, 48 bits virtual
power management:

processor	: 7
vendor_id	: GenuineIntel
cpu family	: 6
model		: 37
model name	: Intel(R) Xeon(R) CPU E5-2623 v4 @ 2.60GHz
stepping	: 1
microcode	: 0xb00001f
cpu MHz		: 2599.712
cache size	: 10240 KB
physical id	: 0
siblings	: 8
core id		: 7
cpu cores	: 8
apicid		: 7
initial apicid	: 7
fpu		: yes
fpu_exception	: yes
cpuid level	: 11
wp		: yes
flags		: fpu vme de pse tsc msr pae mce cx8 apic sep mtrr pge mca cmov pat pse36 clflush dts mmx fxsr sse sse2 ss ht syscall nx rdtscp lm constant_tsc arch_perfmon pebs bts nopl xtopology tsc_reliable nonstop_tsc aperfmperf eagerfpu pni pclmulqdq ssse3 cx16 sse4_1 sse4_2 popcnt aes hypervisor lahf_lm epb kaiser dtherm ida arat pln pts
bugs		: cpu_meltdown spectre_v1 spectre_v2
bogomips	: 5199.99
clflush size	: 64
cache_alignment	: 64
address sizes	: 40 bits physical, 48 bits virtual
power management:



Memory: 4k page, physical 16436292k(156612k free), swap 1048572k(0k free)

vm_info: OpenJDK 64-Bit Server VM (25.171-b11) for linux-amd64 JRE (1.8.0_171-8u171-b11-1~deb9u1-b11), built on Apr 27 2018 14:37:13 by "pbuilder" with gcc 6.3.0 20170516

time: Sun Jun 24 20:25:27 2018
elapsed time: 13 seconds (0d 0h 0m 13s)

