#
# There is insufficient memory for the Java Runtime Environment to continue.
# Native memory allocation (mmap) failed to map 88080384 bytes for committing reserved memory.
# Possible reasons:
#   The system is out of physical RAM or swap space
#   In 32 bit mode, the process size limit was hit
# Possible solutions:
#   Reduce memory load on the system
#   Increase physical memory or swap space
#   Check if swap backing store is full
#   Use 64 bit Java on a 64 bit OS
#   Decrease Java heap size (-Xmx/-Xms)
#   Decrease number of Java threads
#   Decrease Java thread stack sizes (-Xss)
#   Set larger code cache with -XX:ReservedCodeCacheSize=
# This output file may be truncated or incomplete.
#
#  Out of Memory Error (os_linux.cpp:2643), pid=16633, tid=0x00007fecad0b7700
#
# JRE version:  (8.0_171-b11) (build )
# Java VM: OpenJDK 64-Bit Server VM (25.171-b11 mixed mode linux-amd64 compressed oops)
# Failed to write core dump. Core dumps have been disabled. To enable core dumping, try "ulimit -c unlimited" before starting Java again
#

---------------  T H R E A D  ---------------

Current thread (0x00007feca4008000):  JavaThread "Unknown thread" [_thread_in_vm, id=16659, stack(0x00007fecacfb7000,0x00007fecad0b8000)]

Stack: [0x00007fecacfb7000,0x00007fecad0b8000],  sp=0x00007fecad0b6620,  free space=1021k
Native frames: (J=compiled Java code, j=interpreted, Vv=VM code, C=native code)
V  [libjvm.so+0xa70c90]
V  [libjvm.so+0x4c7acc]
V  [libjvm.so+0x8beb18]
V  [libjvm.so+0x8b90be]
V  [libjvm.so+0x9343ee]
V  [libjvm.so+0x93644d]
V  [libjvm.so+0x2b06c7]
V  [libjvm.so+0x8e3f92]
V  [libjvm.so+0xa34f21]
V  [libjvm.so+0xa35182]
V  [libjvm.so+0x610d0f]
V  [libjvm.so+0xa19a3a]
V  [libjvm.so+0x68b351]  JNI_CreateJavaVM+0x61
C  [libjli.so+0x2f06]
C  [libjli.so+0x74fd]
C  [libpthread.so.0+0x7494]  start_thread+0xc4


---------------  P R O C E S S  ---------------

Java Threads: ( => current thread )

Other Threads:

=>0x00007feca4008000 (exited) JavaThread "Unknown thread" [_thread_in_vm, id=16659, stack(0x00007fecacfb7000,0x00007fecad0b8000)]

VM state:not at safepoint (not fully initialized)

VM Mutex/Monitor currently owned by a thread: None

GC Heap History (0 events):
No events

Deoptimization events (0 events):
No events

Classes redefined (0 events):
No events

Internal exceptions (0 events):
No events

Events (0 events):
No events


Dynamic libraries:
6c5200000-76c600000 ---p 00000000 00:00 0 
771a00000-7c0000000 ---p 00000000 00:00 0 
55b91e4f9000-55b91e4fa000 r-xp 00000000 08:01 791976                     /usr/lib/jvm/java-8-openjdk-amd64/jre/bin/java
55b91e6f9000-55b91e6fa000 r--p 00000000 08:01 791976                     /usr/lib/jvm/java-8-openjdk-amd64/jre/bin/java
55b91e6fa000-55b91e6fb000 rw-p 00001000 08:01 791976                     /usr/lib/jvm/java-8-openjdk-amd64/jre/bin/java
55b920335000-55b920356000 rw-p 00000000 00:00 0                          [heap]
7fec95000000-7fec95270000 rwxp 00000000 00:00 0 
7fec95270000-7feca4000000 ---p 00000000 00:00 0 
7feca4000000-7feca402f000 rw-p 00000000 00:00 0 
7feca402f000-7feca8000000 ---p 00000000 00:00 0 
7feca972f000-7feca9f06000 ---p 00000000 00:00 0 
7feca9f06000-7feca9f11000 rw-p 00000000 00:00 0 
7feca9f11000-7fecaa2c7000 ---p 00000000 00:00 0 
7fecaa2c7000-7fecaa2cf000 r-xp 00000000 08:01 792070                     /usr/lib/jvm/java-8-openjdk-amd64/jre/lib/amd64/libzip.so
7fecaa2cf000-7fecaa4ce000 ---p 00008000 08:01 792070                     /usr/lib/jvm/java-8-openjdk-amd64/jre/lib/amd64/libzip.so
7fecaa4ce000-7fecaa4cf000 r--p 00007000 08:01 792070                     /usr/lib/jvm/java-8-openjdk-amd64/jre/lib/amd64/libzip.so
7fecaa4cf000-7fecaa4d0000 rw-p 00008000 08:01 792070                     /usr/lib/jvm/java-8-openjdk-amd64/jre/lib/amd64/libzip.so
7fecaa4d0000-7fecaa4fd000 r-xp 00000000 08:01 792049                     /usr/lib/jvm/java-8-openjdk-amd64/jre/lib/amd64/libjava.so
7fecaa4fd000-7fecaa6fd000 ---p 0002d000 08:01 792049                     /usr/lib/jvm/java-8-openjdk-amd64/jre/lib/amd64/libjava.so
7fecaa6fd000-7fecaa6fe000 r--p 0002d000 08:01 792049                     /usr/lib/jvm/java-8-openjdk-amd64/jre/lib/amd64/libjava.so
7fecaa6fe000-7fecaa700000 rw-p 0002e000 08:01 792049                     /usr/lib/jvm/java-8-openjdk-amd64/jre/lib/amd64/libjava.so
7fecaa700000-7fecaa70f000 r-xp 00000000 08:01 792069                     /usr/lib/jvm/java-8-openjdk-amd64/jre/lib/amd64/libverify.so
7fecaa70f000-7fecaa90f000 ---p 0000f000 08:01 792069                     /usr/lib/jvm/java-8-openjdk-amd64/jre/lib/amd64/libverify.so
7fecaa90f000-7fecaa911000 r--p 0000f000 08:01 792069                     /usr/lib/jvm/java-8-openjdk-amd64/jre/lib/amd64/libverify.so
7fecaa911000-7fecaa912000 rw-p 00011000 08:01 792069                     /usr/lib/jvm/java-8-openjdk-amd64/jre/lib/amd64/libverify.so
7fecaa912000-7fecaa919000 r-xp 00000000 08:01 4720384                    /lib/x86_64-linux-gnu/librt-2.24.so
7fecaa919000-7fecaab18000 ---p 00007000 08:01 4720384                    /lib/x86_64-linux-gnu/librt-2.24.so
7fecaab18000-7fecaab19000 r--p 00006000 08:01 4720384                    /lib/x86_64-linux-gnu/librt-2.24.so
7fecaab19000-7fecaab1a000 rw-p 00007000 08:01 4720384                    /lib/x86_64-linux-gnu/librt-2.24.so
7fecaab1a000-7fecaab30000 r-xp 00000000 08:01 4719003                    /lib/x86_64-linux-gnu/libgcc_s.so.1
7fecaab30000-7fecaad2f000 ---p 00016000 08:01 4719003                    /lib/x86_64-linux-gnu/libgcc_s.so.1
7fecaad2f000-7fecaad30000 r--p 00015000 08:01 4719003                    /lib/x86_64-linux-gnu/libgcc_s.so.1
7fecaad30000-7fecaad31000 rw-p 00016000 08:01 4719003                    /lib/x86_64-linux-gnu/libgcc_s.so.1
7fecaad31000-7fecaae34000 r-xp 00000000 08:01 4720126                    /lib/x86_64-linux-gnu/libm-2.24.so
7fecaae34000-7fecab033000 ---p 00103000 08:01 4720126                    /lib/x86_64-linux-gnu/libm-2.24.so
7fecab033000-7fecab034000 r--p 00102000 08:01 4720126                    /lib/x86_64-linux-gnu/libm-2.24.so
7fecab034000-7fecab035000 rw-p 00103000 08:01 4720126                    /lib/x86_64-linux-gnu/libm-2.24.so
7fecab035000-7fecab1a7000 r-xp 00000000 08:01 145198                     /usr/lib/x86_64-linux-gnu/libstdc++.so.6.0.22
7fecab1a7000-7fecab3a7000 ---p 00172000 08:01 145198                     /usr/lib/x86_64-linux-gnu/libstdc++.so.6.0.22
7fecab3a7000-7fecab3b1000 r--p 00172000 08:01 145198                     /usr/lib/x86_64-linux-gnu/libstdc++.so.6.0.22
7fecab3b1000-7fecab3b3000 rw-p 0017c000 08:01 145198                     /usr/lib/x86_64-linux-gnu/libstdc++.so.6.0.22
7fecab3b3000-7fecab3b7000 rw-p 00000000 00:00 0 
7fecab3b7000-7fecac011000 r-xp 00000000 08:01 792074                     /usr/lib/jvm/java-8-openjdk-amd64/jre/lib/amd64/server/libjvm.so
7fecac011000-7fecac210000 ---p 00c5a000 08:01 792074                     /usr/lib/jvm/java-8-openjdk-amd64/jre/lib/amd64/server/libjvm.so
7fecac210000-7fecac2a4000 r--p 00c59000 08:01 792074                     /usr/lib/jvm/java-8-openjdk-amd64/jre/lib/amd64/server/libjvm.so
7fecac2a4000-7fecac2cd000 rw-p 00ced000 08:01 792074                     /usr/lib/jvm/java-8-openjdk-amd64/jre/lib/amd64/server/libjvm.so
7fecac2cd000-7fecac2fd000 rw-p 00000000 00:00 0 
7fecac2fd000-7fecac492000 r-xp 00000000 08:01 4719999                    /lib/x86_64-linux-gnu/libc-2.24.so
7fecac492000-7fecac692000 ---p 00195000 08:01 4719999                    /lib/x86_64-linux-gnu/libc-2.24.so
7fecac692000-7fecac696000 r--p 00195000 08:01 4719999                    /lib/x86_64-linux-gnu/libc-2.24.so
7fecac696000-7fecac698000 rw-p 00199000 08:01 4719999                    /lib/x86_64-linux-gnu/libc-2.24.so
7fecac698000-7fecac69c000 rw-p 00000000 00:00 0 
7fecac69c000-7fecac69f000 r-xp 00000000 08:01 4720007                    /lib/x86_64-linux-gnu/libdl-2.24.so
7fecac69f000-7fecac89e000 ---p 00003000 08:01 4720007                    /lib/x86_64-linux-gnu/libdl-2.24.so
7fecac89e000-7fecac89f000 r--p 00002000 08:01 4720007                    /lib/x86_64-linux-gnu/libdl-2.24.so
7fecac89f000-7fecac8a0000 rw-p 00003000 08:01 4720007                    /lib/x86_64-linux-gnu/libdl-2.24.so
7fecac8a0000-7fecac8ad000 r-xp 00000000 08:01 792071                     /usr/lib/jvm/java-8-openjdk-amd64/jre/lib/amd64/jli/libjli.so
7fecac8ad000-7fecacaad000 ---p 0000d000 08:01 792071                     /usr/lib/jvm/java-8-openjdk-amd64/jre/lib/amd64/jli/libjli.so
7fecacaad000-7fecacaae000 r--p 0000d000 08:01 792071                     /usr/lib/jvm/java-8-openjdk-amd64/jre/lib/amd64/jli/libjli.so
7fecacaae000-7fecacaaf000 rw-p 0000e000 08:01 792071                     /usr/lib/jvm/java-8-openjdk-amd64/jre/lib/amd64/jli/libjli.so
7fecacaaf000-7fecacac8000 r-xp 00000000 08:01 4721880                    /lib/x86_64-linux-gnu/libz.so.1.2.8
7fecacac8000-7fecaccc7000 ---p 00019000 08:01 4721880                    /lib/x86_64-linux-gnu/libz.so.1.2.8
7fecaccc7000-7fecaccc8000 r--p 00018000 08:01 4721880                    /lib/x86_64-linux-gnu/libz.so.1.2.8
7fecaccc8000-7fecaccc9000 rw-p 00019000 08:01 4721880                    /lib/x86_64-linux-gnu/libz.so.1.2.8
7fecaccc9000-7fecacce1000 r-xp 00000000 08:01 4720185                    /lib/x86_64-linux-gnu/libpthread-2.24.so
7fecacce1000-7fecacee0000 ---p 00018000 08:01 4720185                    /lib/x86_64-linux-gnu/libpthread-2.24.so
7fecacee0000-7fecacee1000 r--p 00017000 08:01 4720185                    /lib/x86_64-linux-gnu/libpthread-2.24.so
7fecacee1000-7fecacee2000 rw-p 00018000 08:01 4720185                    /lib/x86_64-linux-gnu/libpthread-2.24.so
7fecacee2000-7fecacee6000 rw-p 00000000 00:00 0 
7fecacee6000-7fecacf09000 r-xp 00000000 08:01 4719036                    /lib/x86_64-linux-gnu/ld-2.24.so
7fecacfb7000-7fecacfba000 ---p 00000000 00:00 0 
7fecacfba000-7fecad0bc000 rw-p 00000000 00:00 0 
7fecad0fc000-7fecad104000 rw-s 00000000 08:01 1985707                    /tmp/hsperfdata_pandraun/16633
7fecad104000-7fecad105000 rw-p 00000000 00:00 0 
7fecad105000-7fecad106000 r--p 00000000 00:00 0 
7fecad106000-7fecad109000 rw-p 00000000 00:00 0 
7fecad109000-7fecad10a000 r--p 00023000 08:01 4719036                    /lib/x86_64-linux-gnu/ld-2.24.so
7fecad10a000-7fecad10b000 rw-p 00024000 08:01 4719036                    /lib/x86_64-linux-gnu/ld-2.24.so
7fecad10b000-7fecad10c000 rw-p 00000000 00:00 0 
7fff4b82a000-7fff4b84c000 rw-p 00000000 00:00 0                          [stack]
7fff4b9af000-7fff4b9b1000 r--p 00000000 00:00 0                          [vvar]
7fff4b9b1000-7fff4b9b3000 r-xp 00000000 00:00 0                          [vdso]
ffffffffff600000-ffffffffff601000 r-xp 00000000 00:00 0                  [vsyscall]

VM Arguments:
jvm_args: -Dfile.encoding=UTF-8 
java_command: ileint.Ileint
java_class_path (initial): /users/info/etu-s2/pandraun/NetBeansProjects/ileint/build/classes
Launcher Type: SUN_STANDARD

Environment Variables:
PATH=/users/info/etu-s2/pandraun/.42/bin:/users/info/etu-s2/pandraun/local/bin:/usr/local/bin:/usr/bin:/bin:/usr/local/games:/usr/games:/users/info/pub/bin
LD_LIBRARY_PATH=/usr/lib/jvm/java-8-openjdk-amd64/jre/lib/amd64:/usr/lib/jvm/java-8-openjdk-amd64/jre/lib/i386:
SHELL=/bin/bash
DISPLAY=:51

Signal Handlers:
SIGSEGV: [libjvm.so+0xa71730], sa_mask[0]=11111111011111111101111111111110, sa_flags=SA_RESTART|SA_SIGINFO
SIGBUS: [libjvm.so+0xa71730], sa_mask[0]=11111111011111111101111111111110, sa_flags=SA_RESTART|SA_SIGINFO
SIGFPE: [libjvm.so+0x8ba250], sa_mask[0]=11111111011111111101111111111110, sa_flags=SA_RESTART|SA_SIGINFO
SIGPIPE: [libjvm.so+0x8ba250], sa_mask[0]=11111111011111111101111111111110, sa_flags=SA_RESTART|SA_SIGINFO
SIGXFSZ: [libjvm.so+0x8ba250], sa_mask[0]=11111111011111111101111111111110, sa_flags=SA_RESTART|SA_SIGINFO
SIGILL: [libjvm.so+0x8ba250], sa_mask[0]=11111111011111111101111111111110, sa_flags=SA_RESTART|SA_SIGINFO
SIGUSR1: SIG_DFL, sa_mask[0]=00000000000000000000000000000000, sa_flags=none
SIGUSR2: [libjvm.so+0x8ba100], sa_mask[0]=00100000000000000000000000000000, sa_flags=SA_RESTART|SA_SIGINFO
SIGHUP: SIG_DFL, sa_mask[0]=00000000000000000000000000000000, sa_flags=none
SIGINT: SIG_IGN, sa_mask[0]=00000000000000000000000000000000, sa_flags=none
SIGTERM: SIG_DFL, sa_mask[0]=00000000000000000000000000000000, sa_flags=none
SIGQUIT: SIG_DFL, sa_mask[0]=00000000000000000000000000000000, sa_flags=none


---------------  S Y S T E M  ---------------

OS:PRETTY_NAME="Debian GNU/Linux 9 (stretch)"
NAME="Debian GNU/Linux"
VERSION_ID="9"
VERSION="9 (stretch)"
ID=debian
HOME_URL="https://www.debian.org/"
SUPPORT_URL="https://www.debian.org/support"
BUG_REPORT_URL="https://bugs.debian.org/"

uname:Linux 4.9.0-6-amd64 #1 SMP Debian 4.9.88-1+deb9u1 (2018-05-07) x86_64
libc:glibc 2.24 NPTL 2.24 
rlimit: STACK 8192k, CORE 0k, NPROC 64111, NOFILE 1048576, AS infinity
load average:145.73 51.94 21.74

/proc/meminfo:
MemTotal:       16436292 kB
MemFree:          135528 kB
MemAvailable:       7964 kB
Buffers:            1472 kB
Cached:           225164 kB
SwapCached:         5640 kB
Active:         14293060 kB
Inactive:        1315828 kB
Active(anon):   14274496 kB
Inactive(anon):  1297800 kB
Active(file):      18564 kB
Inactive(file):    18028 kB
Unevictable:         288 kB
Mlocked:             288 kB
SwapTotal:       1048572 kB
SwapFree:              0 kB
Dirty:               172 kB
Writeback:           344 kB
AnonPages:      15378720 kB
Mapped:           182296 kB
Shmem:            189380 kB
Slab:             201956 kB
SReclaimable:      46944 kB
SUnreclaim:       155012 kB
KernelStack:       59472 kB
PageTables:       332372 kB
NFS_Unstable:          0 kB
Bounce:                0 kB
WritebackTmp:          0 kB
CommitLimit:     9266716 kB
Committed_AS:   40205940 kB
VmallocTotal:   34359738367 kB
VmallocUsed:           0 kB
VmallocChunk:          0 kB
HardwareCorrupted:     0 kB
AnonHugePages:         0 kB
ShmemHugePages:        0 kB
ShmemPmdMapped:        0 kB
HugePages_Total:       0
HugePages_Free:        0
HugePages_Rsvd:        0
HugePages_Surp:        0
Hugepagesize:       2048 kB
DirectMap4k:      726976 kB
DirectMap2M:    16050176 kB


CPU:total 8 (initial active 8) (8 cores per cpu, 1 threads per core) family 6 model 37 stepping 1, cmov, cx8, fxsr, mmx, sse, sse2, sse3, ssse3, sse4.1, sse4.2, popcnt, aes, clmul, tsc, tscinvbit

/proc/cpuinfo:
processor	: 0
vendor_id	: GenuineIntel
cpu family	: 6
model		: 37
model name	: Intel(R) Xeon(R) CPU E5-2623 v4 @ 2.60GHz
stepping	: 1
microcode	: 0xb00001f
cpu MHz		: 2599.712
cache size	: 10240 KB
physical id	: 0
siblings	: 8
core id		: 0
cpu cores	: 8
apicid		: 0
initial apicid	: 0
fpu		: yes
fpu_exception	: yes
cpuid level	: 11
wp		: yes
flags		: fpu vme de pse tsc msr pae mce cx8 apic sep mtrr pge mca cmov pat pse36 clflush dts mmx fxsr sse sse2 ss ht syscall nx rdtscp lm constant_tsc arch_perfmon pebs bts nopl xtopology tsc_reliable nonstop_tsc aperfmperf eagerfpu pni pclmulqdq ssse3 cx16 sse4_1 sse4_2 popcnt aes hypervisor lahf_lm epb kaiser dtherm ida arat pln pts
bugs		: cpu_meltdown spectre_v1 spectre_v2
bogomips	: 5199.99
clflush size	: 64
cache_alignment	: 64
address sizes	: 40 bits physical, 48 bits virtual
power management:

processor	: 1
vendor_id	: GenuineIntel
cpu family	: 6
model		: 37
model name	: Intel(R) Xeon(R) CPU E5-2623 v4 @ 2.60GHz
stepping	: 1
microcode	: 0xb00001f
cpu MHz		: 2599.712
cache size	: 10240 KB
physical id	: 0
siblings	: 8
core id		: 1
cpu cores	: 8
apicid		: 1
initial apicid	: 1
fpu		: yes
fpu_exception	: yes
cpuid level	: 11
wp		: yes
flags		: fpu vme de pse tsc msr pae mce cx8 apic sep mtrr pge mca cmov pat pse36 clflush dts mmx fxsr sse sse2 ss ht syscall nx rdtscp lm constant_tsc arch_perfmon pebs bts nopl xtopology tsc_reliable nonstop_tsc aperfmperf eagerfpu pni pclmulqdq ssse3 cx16 sse4_1 sse4_2 popcnt aes hypervisor lahf_lm epb kaiser dtherm ida arat pln pts
bugs		: cpu_meltdown spectre_v1 spectre_v2
bogomips	: 5199.99
clflush size	: 64
cache_alignment	: 64
address sizes	: 40 bits physical, 48 bits virtual
power management:

processor	: 2
vendor_id	: GenuineIntel
cpu family	: 6
model		: 37
model name	: Intel(R) Xeon(R) CPU E5-2623 v4 @ 2.60GHz
stepping	: 1
microcode	: 0xb00001f
cpu MHz		: 2599.712
cache size	: 10240 KB
physical id	: 0
siblings	: 8
core id		: 2
cpu cores	: 8
apicid		: 2
initial apicid	: 2
fpu		: yes
fpu_exception	: yes
cpuid level	: 11
wp		: yes
flags		: fpu vme de pse tsc msr pae mce cx8 apic sep mtrr pge mca cmov pat pse36 clflush dts mmx fxsr sse sse2 ss ht syscall nx rdtscp lm constant_tsc arch_perfmon pebs bts nopl xtopology tsc_reliable nonstop_tsc aperfmperf eagerfpu pni pclmulqdq ssse3 cx16 sse4_1 sse4_2 popcnt aes hypervisor lahf_lm epb kaiser dtherm ida arat pln pts
bugs		: cpu_meltdown spectre_v1 spectre_v2
bogomips	: 5199.99
clflush size	: 64
cache_alignment	: 64
address sizes	: 40 bits physical, 48 bits virtual
power management:

processor	: 3
vendor_id	: GenuineIntel
cpu family	: 6
model		: 37
model name	: Intel(R) Xeon(R) CPU E5-2623 v4 @ 2.60GHz
stepping	: 1
microcode	: 0xb00001f
cpu MHz		: 2599.712
cache size	: 10240 KB
physical id	: 0
siblings	: 8
core id		: 3
cpu cores	: 8
apicid		: 3
initial apicid	: 3
fpu		: yes
fpu_exception	: yes
cpuid level	: 11
wp		: yes
flags		: fpu vme de pse tsc msr pae mce cx8 apic sep mtrr pge mca cmov pat pse36 clflush dts mmx fxsr sse sse2 ss ht syscall nx rdtscp lm constant_tsc arch_perfmon pebs bts nopl xtopology tsc_reliable nonstop_tsc aperfmperf eagerfpu pni pclmulqdq ssse3 cx16 sse4_1 sse4_2 popcnt aes hypervisor lahf_lm epb kaiser dtherm ida arat pln pts
bugs		: cpu_meltdown spectre_v1 spectre_v2
bogomips	: 5199.99
clflush size	: 64
cache_alignment	: 64
address sizes	: 40 bits physical, 48 bits virtual
power management:

processor	: 4
vendor_id	: GenuineIntel
cpu family	: 6
model		: 37
model name	: Intel(R) Xeon(R) CPU E5-2623 v4 @ 2.60GHz
stepping	: 1
microcode	: 0xb00001f
cpu MHz		: 2599.712
cache size	: 10240 KB
physical id	: 0
siblings	: 8
core id		: 4
cpu cores	: 8
apicid		: 4
initial apicid	: 4
fpu		: yes
fpu_exception	: yes
cpuid level	: 11
wp		: yes
flags		: fpu vme de pse tsc msr pae mce cx8 apic sep mtrr pge mca cmov pat pse36 clflush dts mmx fxsr sse sse2 ss ht syscall nx rdtscp lm constant_tsc arch_perfmon pebs bts nopl xtopology tsc_reliable nonstop_tsc aperfmperf eagerfpu pni pclmulqdq ssse3 cx16 sse4_1 sse4_2 popcnt aes hypervisor lahf_lm epb kaiser dtherm ida arat pln pts
bugs		: cpu_meltdown spectre_v1 spectre_v2
bogomips	: 5199.99
clflush size	: 64
cache_alignment	: 64
address sizes	: 40 bits physical, 48 bits virtual
power management:

processor	: 5
vendor_id	: GenuineIntel
cpu family	: 6
model		: 37
model name	: Intel(R) Xeon(R) CPU E5-2623 v4 @ 2.60GHz
stepping	: 1
microcode	: 0xb00001f
cpu MHz		: 2599.712
cache size	: 10240 KB
physical id	: 0
siblings	: 8
core id		: 5
cpu cores	: 8
apicid		: 5
initial apicid	: 5
fpu		: yes
fpu_exception	: yes
cpuid level	: 11
wp		: yes
flags		: fpu vme de pse tsc msr pae mce cx8 apic sep mtrr pge mca cmov pat pse36 clflush dts mmx fxsr sse sse2 ss ht syscall nx rdtscp lm constant_tsc arch_perfmon pebs bts nopl xtopology tsc_reliable nonstop_tsc aperfmperf eagerfpu pni pclmulqdq ssse3 cx16 sse4_1 sse4_2 popcnt aes hypervisor lahf_lm epb kaiser dtherm ida arat pln pts
bugs		: cpu_meltdown spectre_v1 spectre_v2
bogomips	: 5199.99
clflush size	: 64
cache_alignment	: 64
address sizes	: 40 bits physical, 48 bits virtual
power management:

processor	: 6
vendor_id	: GenuineIntel
cpu family	: 6
model		: 37
model name	: Intel(R) Xeon(R) CPU E5-2623 v4 @ 2.60GHz
stepping	: 1
microcode	: 0xb00001f
cpu MHz		: 2599.712
cache size	: 10240 KB
physical id	: 0
siblings	: 8
core id		: 6
cpu cores	: 8
apicid		: 6
initial apicid	: 6
fpu		: yes
fpu_exception	: yes
cpuid level	: 11
wp		: yes
flags		: fpu vme de pse tsc msr pae mce cx8 apic sep mtrr pge mca cmov pat pse36 clflush dts mmx fxsr sse sse2 ss ht syscall nx rdtscp lm constant_tsc arch_perfmon pebs bts nopl xtopology tsc_reliable nonstop_tsc aperfmperf eagerfpu pni pclmulqdq ssse3 cx16 sse4_1 sse4_2 popcnt aes hypervisor lahf_lm epb kaiser dtherm ida arat pln pts
bugs		: cpu_meltdown spectre_v1 spectre_v2
bogomips	: 5199.99
clflush size	: 64
cache_alignment	: 64
address sizes	: 40 bits physical, 48 bits virtual
power management:

processor	: 7
vendor_id	: GenuineIntel
cpu family	: 6
model		: 37
model name	: Intel(R) Xeon(R) CPU E5-2623 v4 @ 2.60GHz
stepping	: 1
microcode	: 0xb00001f
cpu MHz		: 2599.712
cache size	: 10240 KB
physical id	: 0
siblings	: 8
core id		: 7
cpu cores	: 8
apicid		: 7
initial apicid	: 7
fpu		: yes
fpu_exception	: yes
cpuid level	: 11
wp		: yes
flags		: fpu vme de pse tsc msr pae mce cx8 apic sep mtrr pge mca cmov pat pse36 clflush dts mmx fxsr sse sse2 ss ht syscall nx rdtscp lm constant_tsc arch_perfmon pebs bts nopl xtopology tsc_reliable nonstop_tsc aperfmperf eagerfpu pni pclmulqdq ssse3 cx16 sse4_1 sse4_2 popcnt aes hypervisor lahf_lm epb kaiser dtherm ida arat pln pts
bugs		: cpu_meltdown spectre_v1 spectre_v2
bogomips	: 5199.99
clflush size	: 64
cache_alignment	: 64
address sizes	: 40 bits physical, 48 bits virtual
power management:



Memory: 4k page, physical 16436292k(135556k free), swap 1048572k(0k free)

vm_info: OpenJDK 64-Bit Server VM (25.171-b11) for linux-amd64 JRE (1.8.0_171-8u171-b11-1~deb9u1-b11), built on Apr 27 2018 14:37:13 by "pbuilder" with gcc 6.3.0 20170516

time: Sun Jun 24 18:26:29 2018
elapsed time: 91 seconds (0d 0h 1m 31s)

