#
# There is insufficient memory for the Java Runtime Environment to continue.
# Native memory allocation (mmap) failed to map 176160768 bytes for committing reserved memory.
# Possible reasons:
#   The system is out of physical RAM or swap space
#   In 32 bit mode, the process size limit was hit
# Possible solutions:
#   Reduce memory load on the system
#   Increase physical memory or swap space
#   Check if swap backing store is full
#   Use 64 bit Java on a 64 bit OS
#   Decrease Java heap size (-Xmx/-Xms)
#   Decrease number of Java threads
#   Decrease Java thread stack sizes (-Xss)
#   Set larger code cache with -XX:ReservedCodeCacheSize=
# This output file may be truncated or incomplete.
#
#  Out of Memory Error (os_linux.cpp:2643), pid=16485, tid=0x00007f964fdd8700
#
# JRE version:  (8.0_171-b11) (build )
# Java VM: OpenJDK 64-Bit Server VM (25.171-b11 mixed mode linux-amd64 compressed oops)
# Failed to write core dump. Core dumps have been disabled. To enable core dumping, try "ulimit -c unlimited" before starting Java again
#

---------------  T H R E A D  ---------------

Current thread (0x00007f9648008000):  JavaThread "Unknown thread" [_thread_in_vm, id=16490, stack(0x00007f964fcd8000,0x00007f964fdd9000)]

Stack: [0x00007f964fcd8000,0x00007f964fdd9000],  sp=0x00007f964fdd7610,  free space=1021k
Native frames: (J=compiled Java code, j=interpreted, Vv=VM code, C=native code)
V  [libjvm.so+0xa70c90]
V  [libjvm.so+0x4c7acc]
V  [libjvm.so+0x8beb18]
V  [libjvm.so+0x8b90be]
V  [libjvm.so+0x9343ee]
V  [libjvm.so+0x924e73]
V  [libjvm.so+0x2b0701]
V  [libjvm.so+0x8e3f92]
V  [libjvm.so+0xa34f21]
V  [libjvm.so+0xa35182]
V  [libjvm.so+0x610d0f]
V  [libjvm.so+0xa19a3a]
V  [libjvm.so+0x68b351]  JNI_CreateJavaVM+0x61
C  [libjli.so+0x2f06]
C  [libjli.so+0x74fd]
C  [libpthread.so.0+0x7494]  start_thread+0xc4


---------------  P R O C E S S  ---------------

Java Threads: ( => current thread )

Other Threads:

=>0x00007f9648008000 (exited) JavaThread "Unknown thread" [_thread_in_vm, id=16490, stack(0x00007f964fcd8000,0x00007f964fdd9000)]

VM state:not at safepoint (not fully initialized)

VM Mutex/Monitor currently owned by a thread: None

GC Heap History (0 events):
No events

Deoptimization events (0 events):
No events

Classes redefined (0 events):
No events

Internal exceptions (0 events):
No events

Events (0 events):
No events


Dynamic libraries:
6cfa00000-76c600000 ---p 00000000 00:00 0 
76c600000-771a00000 rw-p 00000000 00:00 0 
771a00000-7c0000000 ---p 00000000 00:00 0 
5641198be000-5641198bf000 r-xp 00000000 08:01 791976                     /usr/lib/jvm/java-8-openjdk-amd64/jre/bin/java
564119abe000-564119abf000 r--p 00000000 08:01 791976                     /usr/lib/jvm/java-8-openjdk-amd64/jre/bin/java
564119abf000-564119ac0000 rw-p 00001000 08:01 791976                     /usr/lib/jvm/java-8-openjdk-amd64/jre/bin/java
56411aeca000-56411aeeb000 rw-p 00000000 00:00 0                          [heap]
7f9639000000-7f9639270000 rwxp 00000000 00:00 0 
7f9639270000-7f9648000000 ---p 00000000 00:00 0 
7f9648000000-7f9648030000 rw-p 00000000 00:00 0 
7f9648030000-7f964c000000 ---p 00000000 00:00 0 
7f964c450000-7f964c98a000 ---p 00000000 00:00 0 
7f964c98a000-7f964c9b4000 rw-p 00000000 00:00 0 
7f964c9b4000-7f964cc27000 ---p 00000000 00:00 0 
7f964cc27000-7f964cc32000 rw-p 00000000 00:00 0 
7f964cc32000-7f964cfe8000 ---p 00000000 00:00 0 
7f964cfe8000-7f964cff0000 r-xp 00000000 08:01 792070                     /usr/lib/jvm/java-8-openjdk-amd64/jre/lib/amd64/libzip.so
7f964cff0000-7f964d1ef000 ---p 00008000 08:01 792070                     /usr/lib/jvm/java-8-openjdk-amd64/jre/lib/amd64/libzip.so
7f964d1ef000-7f964d1f0000 r--p 00007000 08:01 792070                     /usr/lib/jvm/java-8-openjdk-amd64/jre/lib/amd64/libzip.so
7f964d1f0000-7f964d1f1000 rw-p 00008000 08:01 792070                     /usr/lib/jvm/java-8-openjdk-amd64/jre/lib/amd64/libzip.so
7f964d1f1000-7f964d21e000 r-xp 00000000 08:01 792049                     /usr/lib/jvm/java-8-openjdk-amd64/jre/lib/amd64/libjava.so
7f964d21e000-7f964d41e000 ---p 0002d000 08:01 792049                     /usr/lib/jvm/java-8-openjdk-amd64/jre/lib/amd64/libjava.so
7f964d41e000-7f964d41f000 r--p 0002d000 08:01 792049                     /usr/lib/jvm/java-8-openjdk-amd64/jre/lib/amd64/libjava.so
7f964d41f000-7f964d421000 rw-p 0002e000 08:01 792049                     /usr/lib/jvm/java-8-openjdk-amd64/jre/lib/amd64/libjava.so
7f964d421000-7f964d430000 r-xp 00000000 08:01 792069                     /usr/lib/jvm/java-8-openjdk-amd64/jre/lib/amd64/libverify.so
7f964d430000-7f964d630000 ---p 0000f000 08:01 792069                     /usr/lib/jvm/java-8-openjdk-amd64/jre/lib/amd64/libverify.so
7f964d630000-7f964d632000 r--p 0000f000 08:01 792069                     /usr/lib/jvm/java-8-openjdk-amd64/jre/lib/amd64/libverify.so
7f964d632000-7f964d633000 rw-p 00011000 08:01 792069                     /usr/lib/jvm/java-8-openjdk-amd64/jre/lib/amd64/libverify.so
7f964d633000-7f964d63a000 r-xp 00000000 08:01 4720384                    /lib/x86_64-linux-gnu/librt-2.24.so
7f964d63a000-7f964d839000 ---p 00007000 08:01 4720384                    /lib/x86_64-linux-gnu/librt-2.24.so
7f964d839000-7f964d83a000 r--p 00006000 08:01 4720384                    /lib/x86_64-linux-gnu/librt-2.24.so
7f964d83a000-7f964d83b000 rw-p 00007000 08:01 4720384                    /lib/x86_64-linux-gnu/librt-2.24.so
7f964d83b000-7f964d851000 r-xp 00000000 08:01 4719003                    /lib/x86_64-linux-gnu/libgcc_s.so.1
7f964d851000-7f964da50000 ---p 00016000 08:01 4719003                    /lib/x86_64-linux-gnu/libgcc_s.so.1
7f964da50000-7f964da51000 r--p 00015000 08:01 4719003                    /lib/x86_64-linux-gnu/libgcc_s.so.1
7f964da51000-7f964da52000 rw-p 00016000 08:01 4719003                    /lib/x86_64-linux-gnu/libgcc_s.so.1
7f964da52000-7f964db55000 r-xp 00000000 08:01 4720126                    /lib/x86_64-linux-gnu/libm-2.24.so
7f964db55000-7f964dd54000 ---p 00103000 08:01 4720126                    /lib/x86_64-linux-gnu/libm-2.24.so
7f964dd54000-7f964dd55000 r--p 00102000 08:01 4720126                    /lib/x86_64-linux-gnu/libm-2.24.so
7f964dd55000-7f964dd56000 rw-p 00103000 08:01 4720126                    /lib/x86_64-linux-gnu/libm-2.24.so
7f964dd56000-7f964dec8000 r-xp 00000000 08:01 145198                     /usr/lib/x86_64-linux-gnu/libstdc++.so.6.0.22
7f964dec8000-7f964e0c8000 ---p 00172000 08:01 145198                     /usr/lib/x86_64-linux-gnu/libstdc++.so.6.0.22
7f964e0c8000-7f964e0d2000 r--p 00172000 08:01 145198                     /usr/lib/x86_64-linux-gnu/libstdc++.so.6.0.22
7f964e0d2000-7f964e0d4000 rw-p 0017c000 08:01 145198                     /usr/lib/x86_64-linux-gnu/libstdc++.so.6.0.22
7f964e0d4000-7f964e0d8000 rw-p 00000000 00:00 0 
7f964e0d8000-7f964ed32000 r-xp 00000000 08:01 792074                     /usr/lib/jvm/java-8-openjdk-amd64/jre/lib/amd64/server/libjvm.so
7f964ed32000-7f964ef31000 ---p 00c5a000 08:01 792074                     /usr/lib/jvm/java-8-openjdk-amd64/jre/lib/amd64/server/libjvm.so
7f964ef31000-7f964efc5000 r--p 00c59000 08:01 792074                     /usr/lib/jvm/java-8-openjdk-amd64/jre/lib/amd64/server/libjvm.so
7f964efc5000-7f964efee000 rw-p 00ced000 08:01 792074                     /usr/lib/jvm/java-8-openjdk-amd64/jre/lib/amd64/server/libjvm.so
7f964efee000-7f964f01e000 rw-p 00000000 00:00 0 
7f964f01e000-7f964f1b3000 r-xp 00000000 08:01 4719999                    /lib/x86_64-linux-gnu/libc-2.24.so
7f964f1b3000-7f964f3b3000 ---p 00195000 08:01 4719999                    /lib/x86_64-linux-gnu/libc-2.24.so
7f964f3b3000-7f964f3b7000 r--p 00195000 08:01 4719999                    /lib/x86_64-linux-gnu/libc-2.24.so
7f964f3b7000-7f964f3b9000 rw-p 00199000 08:01 4719999                    /lib/x86_64-linux-gnu/libc-2.24.so
7f964f3b9000-7f964f3bd000 rw-p 00000000 00:00 0 
7f964f3bd000-7f964f3c0000 r-xp 00000000 08:01 4720007                    /lib/x86_64-linux-gnu/libdl-2.24.so
7f964f3c0000-7f964f5bf000 ---p 00003000 08:01 4720007                    /lib/x86_64-linux-gnu/libdl-2.24.so
7f964f5bf000-7f964f5c0000 r--p 00002000 08:01 4720007                    /lib/x86_64-linux-gnu/libdl-2.24.so
7f964f5c0000-7f964f5c1000 rw-p 00003000 08:01 4720007                    /lib/x86_64-linux-gnu/libdl-2.24.so
7f964f5c1000-7f964f5ce000 r-xp 00000000 08:01 792071                     /usr/lib/jvm/java-8-openjdk-amd64/jre/lib/amd64/jli/libjli.so
7f964f5ce000-7f964f7ce000 ---p 0000d000 08:01 792071                     /usr/lib/jvm/java-8-openjdk-amd64/jre/lib/amd64/jli/libjli.so
7f964f7ce000-7f964f7cf000 r--p 0000d000 08:01 792071                     /usr/lib/jvm/java-8-openjdk-amd64/jre/lib/amd64/jli/libjli.so
7f964f7cf000-7f964f7d0000 rw-p 0000e000 08:01 792071                     /usr/lib/jvm/java-8-openjdk-amd64/jre/lib/amd64/jli/libjli.so
7f964f7d0000-7f964f7e9000 r-xp 00000000 08:01 4721880                    /lib/x86_64-linux-gnu/libz.so.1.2.8
7f964f7e9000-7f964f9e8000 ---p 00019000 08:01 4721880                    /lib/x86_64-linux-gnu/libz.so.1.2.8
7f964f9e8000-7f964f9e9000 r--p 00018000 08:01 4721880                    /lib/x86_64-linux-gnu/libz.so.1.2.8
7f964f9e9000-7f964f9ea000 rw-p 00019000 08:01 4721880                    /lib/x86_64-linux-gnu/libz.so.1.2.8
7f964f9ea000-7f964fa02000 r-xp 00000000 08:01 4720185                    /lib/x86_64-linux-gnu/libpthread-2.24.so
7f964fa02000-7f964fc01000 ---p 00018000 08:01 4720185                    /lib/x86_64-linux-gnu/libpthread-2.24.so
7f964fc01000-7f964fc02000 r--p 00017000 08:01 4720185                    /lib/x86_64-linux-gnu/libpthread-2.24.so
7f964fc02000-7f964fc03000 rw-p 00018000 08:01 4720185                    /lib/x86_64-linux-gnu/libpthread-2.24.so
7f964fc03000-7f964fc07000 rw-p 00000000 00:00 0 
7f964fc07000-7f964fc2a000 r-xp 00000000 08:01 4719036                    /lib/x86_64-linux-gnu/ld-2.24.so
7f964fcd8000-7f964fcdb000 ---p 00000000 00:00 0 
7f964fcdb000-7f964fddd000 rw-p 00000000 00:00 0 
7f964fe1d000-7f964fe25000 rw-s 00000000 08:01 1985552                    /tmp/hsperfdata_pandraun/16485
7f964fe25000-7f964fe26000 rw-p 00000000 00:00 0 
7f964fe26000-7f964fe27000 r--p 00000000 00:00 0 
7f964fe27000-7f964fe2a000 rw-p 00000000 00:00 0 
7f964fe2a000-7f964fe2b000 r--p 00023000 08:01 4719036                    /lib/x86_64-linux-gnu/ld-2.24.so
7f964fe2b000-7f964fe2c000 rw-p 00024000 08:01 4719036                    /lib/x86_64-linux-gnu/ld-2.24.so
7f964fe2c000-7f964fe2d000 rw-p 00000000 00:00 0 
7ffeb9e9b000-7ffeb9ebd000 rw-p 00000000 00:00 0                          [stack]
7ffeb9f7d000-7ffeb9f7f000 r--p 00000000 00:00 0                          [vvar]
7ffeb9f7f000-7ffeb9f81000 r-xp 00000000 00:00 0                          [vdso]
ffffffffff600000-ffffffffff601000 r-xp 00000000 00:00 0                  [vsyscall]

VM Arguments:
jvm_args: -Dfile.encoding=UTF-8 
java_command: ileint.Ileint
java_class_path (initial): /users/info/etu-s2/pandraun/NetBeansProjects/ileint/build/classes
Launcher Type: SUN_STANDARD

Environment Variables:
PATH=/users/info/etu-s2/pandraun/.42/bin:/users/info/etu-s2/pandraun/local/bin:/usr/local/bin:/usr/bin:/bin:/usr/local/games:/usr/games:/users/info/pub/bin
LD_LIBRARY_PATH=/usr/lib/jvm/java-8-openjdk-amd64/jre/lib/amd64:/usr/lib/jvm/java-8-openjdk-amd64/jre/lib/i386:
SHELL=/bin/bash
DISPLAY=:51

Signal Handlers:
SIGSEGV: [libjvm.so+0xa71730], sa_mask[0]=11111111011111111101111111111110, sa_flags=SA_RESTART|SA_SIGINFO
SIGBUS: [libjvm.so+0xa71730], sa_mask[0]=11111111011111111101111111111110, sa_flags=SA_RESTART|SA_SIGINFO
SIGFPE: [libjvm.so+0x8ba250], sa_mask[0]=11111111011111111101111111111110, sa_flags=SA_RESTART|SA_SIGINFO
SIGPIPE: [libjvm.so+0x8ba250], sa_mask[0]=11111111011111111101111111111110, sa_flags=SA_RESTART|SA_SIGINFO
SIGXFSZ: [libjvm.so+0x8ba250], sa_mask[0]=11111111011111111101111111111110, sa_flags=SA_RESTART|SA_SIGINFO
SIGILL: [libjvm.so+0x8ba250], sa_mask[0]=11111111011111111101111111111110, sa_flags=SA_RESTART|SA_SIGINFO
SIGUSR1: SIG_DFL, sa_mask[0]=00000000000000000000000000000000, sa_flags=none
SIGUSR2: [libjvm.so+0x8ba100], sa_mask[0]=00100000000000000000000000000000, sa_flags=SA_RESTART|SA_SIGINFO
SIGHUP: SIG_DFL, sa_mask[0]=00000000000000000000000000000000, sa_flags=none
SIGINT: SIG_IGN, sa_mask[0]=00000000000000000000000000000000, sa_flags=none
SIGTERM: SIG_DFL, sa_mask[0]=00000000000000000000000000000000, sa_flags=none
SIGQUIT: SIG_DFL, sa_mask[0]=00000000000000000000000000000000, sa_flags=none


---------------  S Y S T E M  ---------------

OS:PRETTY_NAME="Debian GNU/Linux 9 (stretch)"
NAME="Debian GNU/Linux"
VERSION_ID="9"
VERSION="9 (stretch)"
ID=debian
HOME_URL="https://www.debian.org/"
SUPPORT_URL="https://www.debian.org/support"
BUG_REPORT_URL="https://bugs.debian.org/"

uname:Linux 4.9.0-6-amd64 #1 SMP Debian 4.9.88-1+deb9u1 (2018-05-07) x86_64
libc:glibc 2.24 NPTL 2.24 
rlimit: STACK 8192k, CORE 0k, NPROC 64111, NOFILE 1048576, AS infinity
load average:8.87 8.75 6.30

/proc/meminfo:
MemTotal:       16436292 kB
MemFree:          161840 kB
MemAvailable:      57536 kB
Buffers:            2356 kB
Cached:           265864 kB
SwapCached:        32496 kB
Active:         14258744 kB
Inactive:        1317400 kB
Active(anon):   14203812 kB
Inactive(anon):  1293856 kB
Active(file):      54932 kB
Inactive(file):    23544 kB
Unevictable:         288 kB
Mlocked:             288 kB
SwapTotal:       1048572 kB
SwapFree:              0 kB
Dirty:               120 kB
Writeback:           408 kB
AnonPages:      15276824 kB
Mapped:           219004 kB
Shmem:            189388 kB
Slab:             206528 kB
SReclaimable:      51576 kB
SUnreclaim:       154952 kB
KernelStack:       58928 kB
PageTables:       329248 kB
NFS_Unstable:         64 kB
Bounce:                0 kB
WritebackTmp:          0 kB
CommitLimit:     9266716 kB
Committed_AS:   39904180 kB
VmallocTotal:   34359738367 kB
VmallocUsed:           0 kB
VmallocChunk:          0 kB
HardwareCorrupted:     0 kB
AnonHugePages:         0 kB
ShmemHugePages:        0 kB
ShmemPmdMapped:        0 kB
HugePages_Total:       0
HugePages_Free:        0
HugePages_Rsvd:        0
HugePages_Surp:        0
Hugepagesize:       2048 kB
DirectMap4k:      726976 kB
DirectMap2M:    16050176 kB


CPU:total 8 (initial active 8) (8 cores per cpu, 1 threads per core) family 6 model 37 stepping 1, cmov, cx8, fxsr, mmx, sse, sse2, sse3, ssse3, sse4.1, sse4.2, popcnt, aes, clmul, tsc, tscinvbit

/proc/cpuinfo:
processor	: 0
vendor_id	: GenuineIntel
cpu family	: 6
model		: 37
model name	: Intel(R) Xeon(R) CPU E5-2623 v4 @ 2.60GHz
stepping	: 1
microcode	: 0xb00001f
cpu MHz		: 2599.712
cache size	: 10240 KB
physical id	: 0
siblings	: 8
core id		: 0
cpu cores	: 8
apicid		: 0
initial apicid	: 0
fpu		: yes
fpu_exception	: yes
cpuid level	: 11
wp		: yes
flags		: fpu vme de pse tsc msr pae mce cx8 apic sep mtrr pge mca cmov pat pse36 clflush dts mmx fxsr sse sse2 ss ht syscall nx rdtscp lm constant_tsc arch_perfmon pebs bts nopl xtopology tsc_reliable nonstop_tsc aperfmperf eagerfpu pni pclmulqdq ssse3 cx16 sse4_1 sse4_2 popcnt aes hypervisor lahf_lm epb kaiser dtherm ida arat pln pts
bugs		: cpu_meltdown spectre_v1 spectre_v2
bogomips	: 5199.99
clflush size	: 64
cache_alignment	: 64
address sizes	: 40 bits physical, 48 bits virtual
power management:

processor	: 1
vendor_id	: GenuineIntel
cpu family	: 6
model		: 37
model name	: Intel(R) Xeon(R) CPU E5-2623 v4 @ 2.60GHz
stepping	: 1
microcode	: 0xb00001f
cpu MHz		: 2599.712
cache size	: 10240 KB
physical id	: 0
siblings	: 8
core id		: 1
cpu cores	: 8
apicid		: 1
initial apicid	: 1
fpu		: yes
fpu_exception	: yes
cpuid level	: 11
wp		: yes
flags		: fpu vme de pse tsc msr pae mce cx8 apic sep mtrr pge mca cmov pat pse36 clflush dts mmx fxsr sse sse2 ss ht syscall nx rdtscp lm constant_tsc arch_perfmon pebs bts nopl xtopology tsc_reliable nonstop_tsc aperfmperf eagerfpu pni pclmulqdq ssse3 cx16 sse4_1 sse4_2 popcnt aes hypervisor lahf_lm epb kaiser dtherm ida arat pln pts
bugs		: cpu_meltdown spectre_v1 spectre_v2
bogomips	: 5199.99
clflush size	: 64
cache_alignment	: 64
address sizes	: 40 bits physical, 48 bits virtual
power management:

processor	: 2
vendor_id	: GenuineIntel
cpu family	: 6
model		: 37
model name	: Intel(R) Xeon(R) CPU E5-2623 v4 @ 2.60GHz
stepping	: 1
microcode	: 0xb00001f
cpu MHz		: 2599.712
cache size	: 10240 KB
physical id	: 0
siblings	: 8
core id		: 2
cpu cores	: 8
apicid		: 2
initial apicid	: 2
fpu		: yes
fpu_exception	: yes
cpuid level	: 11
wp		: yes
flags		: fpu vme de pse tsc msr pae mce cx8 apic sep mtrr pge mca cmov pat pse36 clflush dts mmx fxsr sse sse2 ss ht syscall nx rdtscp lm constant_tsc arch_perfmon pebs bts nopl xtopology tsc_reliable nonstop_tsc aperfmperf eagerfpu pni pclmulqdq ssse3 cx16 sse4_1 sse4_2 popcnt aes hypervisor lahf_lm epb kaiser dtherm ida arat pln pts
bugs		: cpu_meltdown spectre_v1 spectre_v2
bogomips	: 5199.99
clflush size	: 64
cache_alignment	: 64
address sizes	: 40 bits physical, 48 bits virtual
power management:

processor	: 3
vendor_id	: GenuineIntel
cpu family	: 6
model		: 37
model name	: Intel(R) Xeon(R) CPU E5-2623 v4 @ 2.60GHz
stepping	: 1
microcode	: 0xb00001f
cpu MHz		: 2599.712
cache size	: 10240 KB
physical id	: 0
siblings	: 8
core id		: 3
cpu cores	: 8
apicid		: 3
initial apicid	: 3
fpu		: yes
fpu_exception	: yes
cpuid level	: 11
wp		: yes
flags		: fpu vme de pse tsc msr pae mce cx8 apic sep mtrr pge mca cmov pat pse36 clflush dts mmx fxsr sse sse2 ss ht syscall nx rdtscp lm constant_tsc arch_perfmon pebs bts nopl xtopology tsc_reliable nonstop_tsc aperfmperf eagerfpu pni pclmulqdq ssse3 cx16 sse4_1 sse4_2 popcnt aes hypervisor lahf_lm epb kaiser dtherm ida arat pln pts
bugs		: cpu_meltdown spectre_v1 spectre_v2
bogomips	: 5199.99
clflush size	: 64
cache_alignment	: 64
address sizes	: 40 bits physical, 48 bits virtual
power management:

processor	: 4
vendor_id	: GenuineIntel
cpu family	: 6
model		: 37
model name	: Intel(R) Xeon(R) CPU E5-2623 v4 @ 2.60GHz
stepping	: 1
microcode	: 0xb00001f
cpu MHz		: 2599.712
cache size	: 10240 KB
physical id	: 0
siblings	: 8
core id		: 4
cpu cores	: 8
apicid		: 4
initial apicid	: 4
fpu		: yes
fpu_exception	: yes
cpuid level	: 11
wp		: yes
flags		: fpu vme de pse tsc msr pae mce cx8 apic sep mtrr pge mca cmov pat pse36 clflush dts mmx fxsr sse sse2 ss ht syscall nx rdtscp lm constant_tsc arch_perfmon pebs bts nopl xtopology tsc_reliable nonstop_tsc aperfmperf eagerfpu pni pclmulqdq ssse3 cx16 sse4_1 sse4_2 popcnt aes hypervisor lahf_lm epb kaiser dtherm ida arat pln pts
bugs		: cpu_meltdown spectre_v1 spectre_v2
bogomips	: 5199.99
clflush size	: 64
cache_alignment	: 64
address sizes	: 40 bits physical, 48 bits virtual
power management:

processor	: 5
vendor_id	: GenuineIntel
cpu family	: 6
model		: 37
model name	: Intel(R) Xeon(R) CPU E5-2623 v4 @ 2.60GHz
stepping	: 1
microcode	: 0xb00001f
cpu MHz		: 2599.712
cache size	: 10240 KB
physical id	: 0
siblings	: 8
core id		: 5
cpu cores	: 8
apicid		: 5
initial apicid	: 5
fpu		: yes
fpu_exception	: yes
cpuid level	: 11
wp		: yes
flags		: fpu vme de pse tsc msr pae mce cx8 apic sep mtrr pge mca cmov pat pse36 clflush dts mmx fxsr sse sse2 ss ht syscall nx rdtscp lm constant_tsc arch_perfmon pebs bts nopl xtopology tsc_reliable nonstop_tsc aperfmperf eagerfpu pni pclmulqdq ssse3 cx16 sse4_1 sse4_2 popcnt aes hypervisor lahf_lm epb kaiser dtherm ida arat pln pts
bugs		: cpu_meltdown spectre_v1 spectre_v2
bogomips	: 5199.99
clflush size	: 64
cache_alignment	: 64
address sizes	: 40 bits physical, 48 bits virtual
power management:

processor	: 6
vendor_id	: GenuineIntel
cpu family	: 6
model		: 37
model name	: Intel(R) Xeon(R) CPU E5-2623 v4 @ 2.60GHz
stepping	: 1
microcode	: 0xb00001f
cpu MHz		: 2599.712
cache size	: 10240 KB
physical id	: 0
siblings	: 8
core id		: 6
cpu cores	: 8
apicid		: 6
initial apicid	: 6
fpu		: yes
fpu_exception	: yes
cpuid level	: 11
wp		: yes
flags		: fpu vme de pse tsc msr pae mce cx8 apic sep mtrr pge mca cmov pat pse36 clflush dts mmx fxsr sse sse2 ss ht syscall nx rdtscp lm constant_tsc arch_perfmon pebs bts nopl xtopology tsc_reliable nonstop_tsc aperfmperf eagerfpu pni pclmulqdq ssse3 cx16 sse4_1 sse4_2 popcnt aes hypervisor lahf_lm epb kaiser dtherm ida arat pln pts
bugs		: cpu_meltdown spectre_v1 spectre_v2
bogomips	: 5199.99
clflush size	: 64
cache_alignment	: 64
address sizes	: 40 bits physical, 48 bits virtual
power management:

processor	: 7
vendor_id	: GenuineIntel
cpu family	: 6
model		: 37
model name	: Intel(R) Xeon(R) CPU E5-2623 v4 @ 2.60GHz
stepping	: 1
microcode	: 0xb00001f
cpu MHz		: 2599.712
cache size	: 10240 KB
physical id	: 0
siblings	: 8
core id		: 7
cpu cores	: 8
apicid		: 7
initial apicid	: 7
fpu		: yes
fpu_exception	: yes
cpuid level	: 11
wp		: yes
flags		: fpu vme de pse tsc msr pae mce cx8 apic sep mtrr pge mca cmov pat pse36 clflush dts mmx fxsr sse sse2 ss ht syscall nx rdtscp lm constant_tsc arch_perfmon pebs bts nopl xtopology tsc_reliable nonstop_tsc aperfmperf eagerfpu pni pclmulqdq ssse3 cx16 sse4_1 sse4_2 popcnt aes hypervisor lahf_lm epb kaiser dtherm ida arat pln pts
bugs		: cpu_meltdown spectre_v1 spectre_v2
bogomips	: 5199.99
clflush size	: 64
cache_alignment	: 64
address sizes	: 40 bits physical, 48 bits virtual
power management:



Memory: 4k page, physical 16436292k(161840k free), swap 1048572k(0k free)

vm_info: OpenJDK 64-Bit Server VM (25.171-b11) for linux-amd64 JRE (1.8.0_171-8u171-b11-1~deb9u1-b11), built on Apr 27 2018 14:37:13 by "pbuilder" with gcc 6.3.0 20170516

time: Sun Jun 24 18:24:39 2018
elapsed time: 3 seconds (0d 0h 0m 3s)

